[ 2017-06-03T20:29:42+08:00 ] ::1 ::1 GET /minishop/
[ log ] localhost/minishop/ [运行时间：0.296017s][吞吐率：3.38req/s] [内存消耗：2,408.09kb] [文件加载：53]
[ info ] [ DB ] INIT mysql
[ info ] [ LANG ] D:\phpStudy\WWW\minishop\core\lang\zh-cn.php
[ info ] [ ROUTE ] array (
  'type' => 'module',
  'module' => 
  array (
    0 => '',
    1 => NULL,
    2 => NULL,
  ),
)
[ info ] [ HEADER ] array (
  'host' => 'localhost',
  'connection' => 'keep-alive',
  'accept' => 'text/html,application/xhtml+xml,application/xml;q=0.9,image/webp,*/*;q=0.8',
  'upgrade-insecure-requests' => '1',
  'user-agent' => 'Mozilla/5.0 (Windows NT 6.1; WOW64) AppleWebKit/537.36 (KHTML, like Gecko) Chrome/45.0.2454.101 Safari/537.36',
  'accept-encoding' => 'gzip, deflate, sdch',
  'accept-language' => 'zh-CN,zh;q=0.8',
  'cookie' => 'UM_distinctid=15abaf0eb5b105-0e4b7d36d-4349052c-100200-15abaf0eb5e1bd; CNZZDATA1256643218=1194298924-1489194384-%7C1489237927',
)
[ info ] [ PARAM ] array (
)
[ info ] [ LANG ] D:\phpStudy\WWW\minishop/application/index\lang\zh-cn.php
[ info ] [ SESSION ] INIT array (
  'prefix' => 'minishop',
  'type' => '',
  'auto_start' => true,
)
[ info ] [ RUN ] Method [ <user> public method index ] {
  @@ D:\phpStudy\WWW\minishop\application\index\controller\Index.php 22 - 26
}

[ info ] [ VIEW ] ./themes/qintu/index/index.html [ array (
  0 => 'userinfo',
) ]
[ info ] [ DB ] INIT mysql
[ info ] [ DB ] INIT mysql
[ info ] [ DB ] INIT mysql
[ info ] [ LOG ] INIT file
[ sql ] [ DB ] CONNECT:[ UseTime:0.003000s ] mysql:dbname=minishop_db;host=127.0.0.1;port=3306;charset=utf8
[ sql ] [ SQL ] SHOW COLUMNS FROM `mini_key_value` [ RunTime:0.017001s ]
[ sql ] [ SQL ] SELECT `value` FROM `mini_key_value` WHERE  `collection` = 'indextheme' LIMIT 1    [ RunTime:0.005001s ]
[ sql ] [ SQL ] SELECT * FROM `mini_key_value` WHERE  `collection` = 'config.base'   [ RunTime:0.003000s ]
[ sql ] [ SQL ] SHOW COLUMNS FROM `mini_apiconfig` [ RunTime:0.008001s ]
[ sql ] [ SQL ] SELECT * FROM `mini_apiconfig`  [ RunTime:0.002000s ]
[ sql ] [ SQL ] SELECT * FROM `mini_key_value` WHERE  `collection` = 'indextheme'  AND `uuid` = 'default' LIMIT 1     [ RunTime:0.002000s ]
[ sql ] [ DB ] CONNECT:[ UseTime:0.011001s ] mysql:dbname=minishop_db;host=127.0.0.1;port=3306;charset=utf8
[ sql ] [ SQL ] SHOW COLUMNS FROM `mini_navigation` [ RunTime:0.011000s ]
[ sql ] [ SQL ] SELECT `id`,`name`,`icon`,`pid`,`sort`,`url`,`hide` FROM `mini_navigation` WHERE  `hide` = 0 ORDER BY sort   [ RunTime:0.002001s ]
[ sql ] [ DB ] CONNECT:[ UseTime:0.003000s ] mysql:dbname=minishop_db;host=127.0.0.1;port=3306;charset=utf8
[ sql ] [ SQL ] SHOW COLUMNS FROM `mini_banner` [ RunTime:0.009000s ]
[ sql ] [ SQL ] SELECT * FROM mini_banner a LEFT JOIN mini_banner_position b ON b.id= a.position  WHERE  a.status = 1  AND a.position = 1 ORDER BY a.createtime  [ RunTime:0.006001s ]
[ sql ] [ DB ] CONNECT:[ UseTime:0.011000s ] mysql:dbname=minishop_db;host=127.0.0.1;port=3306;charset=utf8
[ sql ] [ SQL ] SELECT * FROM mini_banner a LEFT JOIN mini_banner_position b ON b.id= a.position  WHERE  a.status = 1  AND a.position = 1 ORDER BY a.createtime  [ RunTime:0.002000s ]
[ sql ] [ SQL ] SHOW COLUMNS FROM `mini_goods_cate` [ RunTime:0.009001s ]
[ sql ] [ SQL ] SELECT * FROM `mini_goods_cate` WHERE  `slug` = 'qdz' LIMIT 1    [ RunTime:0.002000s ]
[ sql ] [ SQL ] SHOW COLUMNS FROM `mini_goods_cate_relationships` [ RunTime:0.009001s ]
[ sql ] [ SQL ] SELECT `goods_id` FROM `mini_goods_cate_relationships` WHERE  `cate_id` = 25   [ RunTime:0.004000s ]
[ sql ] [ SQL ] SHOW COLUMNS FROM `mini_goods` [ RunTime:0.015001s ]
[ sql ] [ SQL ] SELECT * FROM `mini_goods` WHERE  `id` IN (61,80,188,226,223,168,102,101,100,108,106,105,83,84,78,82,79,81,196,210,207,193,183,162,167,204,201,189,179,176,170,302,159,157,154,164,148,149,151,150,194,190,172,156,163,152,211,208,205,184,180,175,169,166,161,160,158,155,153,202,198,177,243,233,197,192,247,219,231,216,209,206,241,239,236,238,234,229,227,222,221,218,182,178,174,171,214,249,273,199,195,203,181,261,268,266,230,225,191,185,173,245,260,295,276,292,283,272,269,264,257,254,252,251,242,248,224,213,228,217,220,215,237,297,287,235,301,240,246,284,275,265,258,244,290,281,262,255,253,299,250,300,303,256,277,279,291,270,274,263,133,63,212,186,271,91,92,62,232,187,128,132,96,94,98,67,310,308,99,289,259,280,278,285,267,288,286,296,116,294,64,50,66,111,110,107,97,65,93,95,114,103,115,117,113,104,112,165,298,293,127,139,145,143,142,141,138,137,136,135,144,130,129,126,125,124,123,122,121,120,146,119,118,134,147,140,131,200,307,109,68,311,316,306,317,49,309)  AND `status` = 1  AND `is_hot` = 1 ORDER BY sort asc LIMIT 9                                                                                                                                                                                                                                                  [ RunTime:0.017001s ]
[ sql ] [ SQL ] SELECT * FROM `mini_goods_cate` WHERE  `slug` = 'qtdr' LIMIT 1    [ RunTime:0.002000s ]
[ sql ] [ SQL ] SELECT `goods_id` FROM `mini_goods_cate_relationships` WHERE  `cate_id` = 26   [ RunTime:0.003000s ]
[ sql ] [ SQL ] SELECT * FROM `mini_goods` WHERE  `id` IN (59,304,90,89,88,87,70,75,71,77,305,85,86,51,76,315,313,314,69,312,60)  AND `status` = 1  AND `is_hot` = 1 ORDER BY sort asc LIMIT 4                          [ RunTime:0.003000s ]
[ sql ] [ SQL ] SELECT * FROM `mini_goods_cate` WHERE  `slug` = 'fx' LIMIT 1    [ RunTime:0.002001s ]
[ sql ] [ SQL ] SELECT `goods_id` FROM `mini_goods_cate_relationships` WHERE  `cate_id` = 43   [ RunTime:0.002000s ]
[ sql ] [ SQL ] SELECT * FROM `mini_goods` WHERE  `id` IN (72,73,53,74)  AND `status` = 1  AND `is_hot` = 1 ORDER BY sort asc LIMIT 4         [ RunTime:0.002000s ]
[ sql ] [ SQL ] SELECT * FROM `mini_goods_cate` WHERE  `slug` = 'ztdz' LIMIT 1    [ RunTime:0.001000s ]
[ sql ] [ SQL ] SELECT `goods_id` FROM `mini_goods_cate_relationships` WHERE  `cate_id` = 27   [ RunTime:0.002000s ]
[ sql ] [ SQL ] SELECT * FROM `mini_goods` WHERE  `id` IN (52,57,56,54,58,55)  AND `status` = 1  AND `is_hot` = 1 ORDER BY sort asc LIMIT 3           [ RunTime:0.005000s ]
[ sql ] [ SQL ] SHOW COLUMNS FROM `mini_posts` [ RunTime:0.011001s ]
[ sql ] [ SQL ] SELECT * FROM `mini_posts` WHERE  `name` = 'why-choose' LIMIT 1    [ RunTime:0.002000s ]

---------------------------------------------------------------
[ 2017-06-03T20:29:57+08:00 ] ::1 ::1 POST /minishop/index.php/index/base/login.html
[ log ] localhost/minishop/index.php/index/base/login.html [运行时间：0.168009s][吞吐率：5.95req/s] [内存消耗：2,221.59kb] [文件加载：53]
[ info ] [ DB ] INIT mysql
[ info ] [ LANG ] D:\phpStudy\WWW\minishop\core\lang\zh-cn.php
[ info ] [ ROUTE ] array (
  'type' => 'module',
  'module' => 
  array (
    0 => 'index',
    1 => 'base',
    2 => 'login',
  ),
)
[ info ] [ HEADER ] array (
  'host' => 'localhost',
  'connection' => 'keep-alive',
  'accept' => 'application/json, text/javascript, */*; q=0.01',
  'origin' => 'http://localhost',
  'x-requested-with' => 'XMLHttpRequest',
  'user-agent' => 'Mozilla/5.0 (Windows NT 6.1; WOW64) AppleWebKit/537.36 (KHTML, like Gecko) Chrome/45.0.2454.101 Safari/537.36',
  'referer' => 'http://localhost/minishop/',
  'accept-encoding' => 'gzip, deflate',
  'accept-language' => 'zh-CN,zh;q=0.8',
  'cookie' => 'UM_distinctid=15abaf0eb5b105-0e4b7d36d-4349052c-100200-15abaf0eb5e1bd; CNZZDATA1256643218=1194298924-1489194384-%7C1489237927; think_var=zh-cn; PHPSESSID=3cetmn91uv4gor3dtb8350vfs0; __session:0.08625249308533967:=http:',
  'content-type' => 'application/x-www-form-urlencoded; charset=UTF-8',
  'content-length' => '31',
)
[ info ] [ PARAM ] array (
  'key' => '13810773217',
  'password' => '111111',
)
[ info ] [ LANG ] D:\phpStudy\WWW\minishop/application/index\lang\zh-cn.php
[ info ] [ SESSION ] INIT array (
  'prefix' => 'minishop',
  'type' => '',
  'auto_start' => true,
)
[ info ] [ RUN ] /**
     * 用户登录方法
     * @author  矢志bu渝 <745152620@qq.com>
     */
Method [ <user> public method login ] {
  @@ D:\phpStudy\WWW\minishop\application\index\controller\Base.php 71 - 104
}

[ info ] [ LOG ] INIT file
[ sql ] [ DB ] CONNECT:[ UseTime:0.002001s ] mysql:dbname=minishop_db;host=127.0.0.1;port=3306;charset=utf8
[ sql ] [ SQL ] SHOW COLUMNS FROM `mini_key_value` [ RunTime:0.007000s ]
[ sql ] [ SQL ] SELECT `value` FROM `mini_key_value` WHERE  `collection` = 'indextheme' LIMIT 1    [ RunTime:0.001000s ]
[ sql ] [ SQL ] SELECT * FROM `mini_key_value` WHERE  `collection` = 'config.base'   [ RunTime:0.007001s ]
[ sql ] [ SQL ] SHOW COLUMNS FROM `mini_apiconfig` [ RunTime:0.013000s ]
[ sql ] [ SQL ] SELECT * FROM `mini_apiconfig`  [ RunTime:0.002000s ]
[ sql ] [ SQL ] SHOW COLUMNS FROM `mini_users` [ RunTime:0.015000s ]
[ sql ] [ SQL ] SELECT * FROM `mini_users` WHERE  `mobile` = '13810773217'  AND `status` = 1 LIMIT 1     [ RunTime:0.002000s ]
[ sql ] [ SQL ] UPDATE `mini_users`  SET `last_login`=1496492997  WHERE  `mobile` = '13810773217'  AND `status` = 1      [ RunTime:0.015001s ]

---------------------------------------------------------------
[ 2017-06-03T20:29:57+08:00 ] ::1 ::1 GET /minishop/
[ log ] localhost/minishop/ [运行时间：0.304017s][吞吐率：3.29req/s] [内存消耗：2,408.48kb] [文件加载：53]
[ info ] [ DB ] INIT mysql
[ info ] [ LANG ] D:\phpStudy\WWW\minishop\core\lang\zh-cn.php
[ info ] [ ROUTE ] array (
  'type' => 'module',
  'module' => 
  array (
    0 => '',
    1 => NULL,
    2 => NULL,
  ),
)
[ info ] [ HEADER ] array (
  'host' => 'localhost',
  'connection' => 'keep-alive',
  'cache-control' => 'max-age=0',
  'accept' => 'text/html,application/xhtml+xml,application/xml;q=0.9,image/webp,*/*;q=0.8',
  'upgrade-insecure-requests' => '1',
  'user-agent' => 'Mozilla/5.0 (Windows NT 6.1; WOW64) AppleWebKit/537.36 (KHTML, like Gecko) Chrome/45.0.2454.101 Safari/537.36',
  'referer' => 'http://localhost/minishop/',
  'accept-encoding' => 'gzip, deflate, sdch',
  'accept-language' => 'zh-CN,zh;q=0.8',
  'cookie' => 'UM_distinctid=15abaf0eb5b105-0e4b7d36d-4349052c-100200-15abaf0eb5e1bd; CNZZDATA1256643218=1194298924-1489194384-%7C1489237927; think_var=zh-cn; PHPSESSID=3cetmn91uv4gor3dtb8350vfs0; __session:0.08625249308533967:=http:',
)
[ info ] [ PARAM ] array (
)
[ info ] [ LANG ] D:\phpStudy\WWW\minishop/application/index\lang\zh-cn.php
[ info ] [ SESSION ] INIT array (
  'prefix' => 'minishop',
  'type' => '',
  'auto_start' => true,
)
[ info ] [ RUN ] Method [ <user> public method index ] {
  @@ D:\phpStudy\WWW\minishop\application\index\controller\Index.php 22 - 26
}

[ info ] [ VIEW ] ./themes/qintu/index/index.html [ array (
  0 => 'userinfo',
) ]
[ info ] [ DB ] INIT mysql
[ info ] [ DB ] INIT mysql
[ info ] [ DB ] INIT mysql
[ info ] [ LOG ] INIT file
[ sql ] [ DB ] CONNECT:[ UseTime:0.003000s ] mysql:dbname=minishop_db;host=127.0.0.1;port=3306;charset=utf8
[ sql ] [ SQL ] SHOW COLUMNS FROM `mini_key_value` [ RunTime:0.014001s ]
[ sql ] [ SQL ] SELECT `value` FROM `mini_key_value` WHERE  `collection` = 'indextheme' LIMIT 1    [ RunTime:0.010001s ]
[ sql ] [ SQL ] SELECT * FROM `mini_key_value` WHERE  `collection` = 'config.base'   [ RunTime:0.003000s ]
[ sql ] [ SQL ] SHOW COLUMNS FROM `mini_apiconfig` [ RunTime:0.012001s ]
[ sql ] [ SQL ] SELECT * FROM `mini_apiconfig`  [ RunTime:0.010001s ]
[ sql ] [ SQL ] SELECT * FROM `mini_key_value` WHERE  `collection` = 'indextheme'  AND `uuid` = 'default' LIMIT 1     [ RunTime:0.003000s ]
[ sql ] [ DB ] CONNECT:[ UseTime:0.003000s ] mysql:dbname=minishop_db;host=127.0.0.1;port=3306;charset=utf8
[ sql ] [ SQL ] SHOW COLUMNS FROM `mini_navigation` [ RunTime:0.011001s ]
[ sql ] [ SQL ] SELECT `id`,`name`,`icon`,`pid`,`sort`,`url`,`hide` FROM `mini_navigation` WHERE  `hide` = 0 ORDER BY sort   [ RunTime:0.003000s ]
[ sql ] [ DB ] CONNECT:[ UseTime:0.006001s ] mysql:dbname=minishop_db;host=127.0.0.1;port=3306;charset=utf8
[ sql ] [ SQL ] SHOW COLUMNS FROM `mini_banner` [ RunTime:0.011000s ]
[ sql ] [ SQL ] SELECT * FROM mini_banner a LEFT JOIN mini_banner_position b ON b.id= a.position  WHERE  a.status = 1  AND a.position = 1 ORDER BY a.createtime  [ RunTime:0.002000s ]
[ sql ] [ DB ] CONNECT:[ UseTime:0.002000s ] mysql:dbname=minishop_db;host=127.0.0.1;port=3306;charset=utf8
[ sql ] [ SQL ] SELECT * FROM mini_banner a LEFT JOIN mini_banner_position b ON b.id= a.position  WHERE  a.status = 1  AND a.position = 1 ORDER BY a.createtime  [ RunTime:0.002001s ]
[ sql ] [ SQL ] SHOW COLUMNS FROM `mini_goods_cate` [ RunTime:0.015000s ]
[ sql ] [ SQL ] SELECT * FROM `mini_goods_cate` WHERE  `slug` = 'qdz' LIMIT 1    [ RunTime:0.002000s ]
[ sql ] [ SQL ] SHOW COLUMNS FROM `mini_goods_cate_relationships` [ RunTime:0.009000s ]
[ sql ] [ SQL ] SELECT `goods_id` FROM `mini_goods_cate_relationships` WHERE  `cate_id` = 25   [ RunTime:0.007001s ]
[ sql ] [ SQL ] SHOW COLUMNS FROM `mini_goods` [ RunTime:0.010000s ]
[ sql ] [ SQL ] SELECT * FROM `mini_goods` WHERE  `id` IN (61,80,188,226,223,168,102,101,100,108,106,105,83,84,78,82,79,81,196,210,207,193,183,162,167,204,201,189,179,176,170,302,159,157,154,164,148,149,151,150,194,190,172,156,163,152,211,208,205,184,180,175,169,166,161,160,158,155,153,202,198,177,243,233,197,192,247,219,231,216,209,206,241,239,236,238,234,229,227,222,221,218,182,178,174,171,214,249,273,199,195,203,181,261,268,266,230,225,191,185,173,245,260,295,276,292,283,272,269,264,257,254,252,251,242,248,224,213,228,217,220,215,237,297,287,235,301,240,246,284,275,265,258,244,290,281,262,255,253,299,250,300,303,256,277,279,291,270,274,263,133,63,212,186,271,91,92,62,232,187,128,132,96,94,98,67,310,308,99,289,259,280,278,285,267,288,286,296,116,294,64,50,66,111,110,107,97,65,93,95,114,103,115,117,113,104,112,165,298,293,127,139,145,143,142,141,138,137,136,135,144,130,129,126,125,124,123,122,121,120,146,119,118,134,147,140,131,200,307,109,68,311,316,306,317,49,309)  AND `status` = 1  AND `is_hot` = 1 ORDER BY sort asc LIMIT 9                                                                                                                                                                                                                                                  [ RunTime:0.006001s ]
[ sql ] [ SQL ] SELECT * FROM `mini_goods_cate` WHERE  `slug` = 'qtdr' LIMIT 1    [ RunTime:0.001000s ]
[ sql ] [ SQL ] SELECT `goods_id` FROM `mini_goods_cate_relationships` WHERE  `cate_id` = 26   [ RunTime:0.002000s ]
[ sql ] [ SQL ] SELECT * FROM `mini_goods` WHERE  `id` IN (59,304,90,89,88,87,70,75,71,77,305,85,86,51,76,315,313,314,69,312,60)  AND `status` = 1  AND `is_hot` = 1 ORDER BY sort asc LIMIT 4                          [ RunTime:0.003000s ]
[ sql ] [ SQL ] SELECT * FROM `mini_goods_cate` WHERE  `slug` = 'fx' LIMIT 1    [ RunTime:0.001000s ]
[ sql ] [ SQL ] SELECT `goods_id` FROM `mini_goods_cate_relationships` WHERE  `cate_id` = 43   [ RunTime:0.002001s ]
[ sql ] [ SQL ] SELECT * FROM `mini_goods` WHERE  `id` IN (72,73,53,74)  AND `status` = 1  AND `is_hot` = 1 ORDER BY sort asc LIMIT 4         [ RunTime:0.001000s ]
[ sql ] [ SQL ] SELECT * FROM `mini_goods_cate` WHERE  `slug` = 'ztdz' LIMIT 1    [ RunTime:0.001000s ]
[ sql ] [ SQL ] SELECT `goods_id` FROM `mini_goods_cate_relationships` WHERE  `cate_id` = 27   [ RunTime:0.003000s ]
[ sql ] [ SQL ] SELECT * FROM `mini_goods` WHERE  `id` IN (52,57,56,54,58,55)  AND `status` = 1  AND `is_hot` = 1 ORDER BY sort asc LIMIT 3           [ RunTime:0.004000s ]
[ sql ] [ SQL ] SHOW COLUMNS FROM `mini_posts` [ RunTime:0.007001s ]
[ sql ] [ SQL ] SELECT * FROM `mini_posts` WHERE  `name` = 'why-choose' LIMIT 1    [ RunTime:0.002000s ]

---------------------------------------------------------------
[ 2017-06-03T20:29:59+08:00 ] ::1 ::1 GET /minishop/index.php/index/goods/lists.html?category=qdz_area_all|qdz_tese_all&sort=areadown
[ log ] localhost/minishop/index.php/index/goods/lists.html?category=qdz_area_all|qdz_tese_all&sort=areadown [运行时间：0.241014s][吞吐率：4.15req/s] [内存消耗：2,560.18kb] [文件加载：57]
[ info ] [ DB ] INIT mysql
[ info ] [ LANG ] D:\phpStudy\WWW\minishop\core\lang\zh-cn.php
[ info ] [ ROUTE ] array (
  'type' => 'module',
  'module' => 
  array (
    0 => 'index',
    1 => 'goods',
    2 => 'lists',
  ),
)
[ info ] [ HEADER ] array (
  'host' => 'localhost',
  'connection' => 'keep-alive',
  'accept' => 'text/html,application/xhtml+xml,application/xml;q=0.9,image/webp,*/*;q=0.8',
  'upgrade-insecure-requests' => '1',
  'user-agent' => 'Mozilla/5.0 (Windows NT 6.1; WOW64) AppleWebKit/537.36 (KHTML, like Gecko) Chrome/45.0.2454.101 Safari/537.36',
  'referer' => 'http://localhost/minishop/',
  'accept-encoding' => 'gzip, deflate, sdch',
  'accept-language' => 'zh-CN,zh;q=0.8',
  'cookie' => 'UM_distinctid=15abaf0eb5b105-0e4b7d36d-4349052c-100200-15abaf0eb5e1bd; CNZZDATA1256643218=1194298924-1489194384-%7C1489237927; think_var=zh-cn; PHPSESSID=3cetmn91uv4gor3dtb8350vfs0; __session:0.08625249308533967:=http:',
)
[ info ] [ PARAM ] array (
  'category' => 'qdz_area_all|qdz_tese_all',
  'sort' => 'areadown',
)
[ info ] [ LANG ] D:\phpStudy\WWW\minishop/application/index\lang\zh-cn.php
[ info ] [ SESSION ] INIT array (
  'prefix' => 'minishop',
  'type' => '',
  'auto_start' => true,
)
[ info ] [ RUN ] Method [ <user> public method lists ] {
  @@ D:\phpStudy\WWW\minishop\application\index\controller\Goods.php 28 - 161
}

[ info ] [ VIEW ] ./themes/qintu/index/goods_qdz_list.html [ array (
  0 => 'userinfo',
  1 => 'categoryInfos',
  2 => 'category',
  3 => 'filterInfos',
  4 => 'filter',
  5 => 'search',
  6 => 'list',
  7 => 'selfCates',
  8 => 'page',
  9 => 'sort',
  10 => 'type',
) ]
[ info ] [ DB ] INIT mysql
[ info ] [ LOG ] INIT file
[ sql ] [ DB ] CONNECT:[ UseTime:0.012001s ] mysql:dbname=minishop_db;host=127.0.0.1;port=3306;charset=utf8
[ sql ] [ SQL ] SHOW COLUMNS FROM `mini_key_value` [ RunTime:0.007000s ]
[ sql ] [ SQL ] SELECT `value` FROM `mini_key_value` WHERE  `collection` = 'indextheme' LIMIT 1    [ RunTime:0.001000s ]
[ sql ] [ SQL ] SELECT * FROM `mini_key_value` WHERE  `collection` = 'config.base'   [ RunTime:0.002000s ]
[ sql ] [ SQL ] SHOW COLUMNS FROM `mini_apiconfig` [ RunTime:0.011001s ]
[ sql ] [ SQL ] SELECT * FROM `mini_apiconfig`  [ RunTime:0.002000s ]
[ sql ] [ SQL ] SHOW COLUMNS FROM `mini_goods_cate` [ RunTime:0.007000s ]
[ sql ] [ SQL ] SELECT * FROM `mini_goods_cate` WHERE  `slug` = 'qdz_area_all' LIMIT 1    [ RunTime:0.003000s ]
[ sql ] [ SQL ] SELECT * FROM `mini_goods_cate` WHERE  `pid` = 30 ORDER BY id asc   [ RunTime:0.002000s ]
[ sql ] [ SQL ] SHOW COLUMNS FROM `mini_goods_cate_relationships` [ RunTime:0.009001s ]
[ sql ] [ SQL ] SELECT `goods_id` FROM `mini_goods_cate_relationships` WHERE  `cate_id` = 28   [ RunTime:0.003000s ]
[ sql ] [ SQL ] SELECT * FROM `mini_goods_cate` WHERE  `slug` = 'qdz_tese_all' LIMIT 1    [ RunTime:0.002000s ]
[ sql ] [ SQL ] SELECT * FROM `mini_goods_cate` WHERE  `pid` = 32 ORDER BY id asc   [ RunTime:0.002000s ]
[ sql ] [ SQL ] SELECT `goods_id` FROM `mini_goods_cate_relationships` WHERE  `cate_id` = 33   [ RunTime:0.002001s ]
[ sql ] [ SQL ] SHOW COLUMNS FROM `mini_goods_filter` [ RunTime:0.011000s ]
[ sql ] [ SQL ] SELECT * FROM `mini_goods_filter` WHERE  `slug` = '' LIMIT 1    [ RunTime:0.001000s ]
[ sql ] [ SQL ] SHOW COLUMNS FROM `mini_goods` [ RunTime:0.010000s ]
[ sql ] [ SQL ] SELECT COUNT(*) AS tp_count FROM mini_goods a INNER JOIN mini_view_goods_and_cates b ON a.id=b.goods_id  WHERE  `id` IN (80,188,226,223,168,102,101,100,108,106,105,83,84,78,82,79,81,196,210,207,193,183,162,167,204,201,189,179,176,170,302,159,157,154,164,148,149,151,150,194,190,172,156,163,152,211,208,205,184,180,175,169,166,161,160,158,155,153,202,198,177,243,233,197,192,247,219,231,216,209,206,241,236,238,234,229,227,222,221,218,182,178,174,171,214,249,273,199,195,203,181,261,268,266,230,225,191,185,173,245,260,295,276,292,283,272,269,264,257,254,252,251,242,248,224,213,228,217,220,215,237,297,287,235,301,240,246,284,275,265,258,244,290,281,262,255,253,299,250,300,303,256,277,279,291,282,270,274,263,133,63,212,186,271,91,92,62,232,187,128,132,96,94,98,67,310,308,99,289,259,280,278,285,267,288,286,296,116,294,64,50,66,111,110,107,97,65,93,95,114,103,115,117,113,104,112,165,298,293,127,139,145,143,142,141,138,137,136,135,144,130,129,126,125,124,123,122,121,120,146,119,118,134,147,140,131,200,307,109,68,311,316,306,317,49,309)  AND `status` = 1 ORDER BY label_area desc,cate_id asc LIMIT 1                                                                                                                                                                                                                                                [ RunTime:0.012001s ]
[ sql ] [ SQL ] SELECT * FROM mini_goods a INNER JOIN mini_view_goods_and_cates b ON a.id=b.goods_id  WHERE  `id` IN (80,188,226,223,168,102,101,100,108,106,105,83,84,78,82,79,81,196,210,207,193,183,162,167,204,201,189,179,176,170,302,159,157,154,164,148,149,151,150,194,190,172,156,163,152,211,208,205,184,180,175,169,166,161,160,158,155,153,202,198,177,243,233,197,192,247,219,231,216,209,206,241,236,238,234,229,227,222,221,218,182,178,174,171,214,249,273,199,195,203,181,261,268,266,230,225,191,185,173,245,260,295,276,292,283,272,269,264,257,254,252,251,242,248,224,213,228,217,220,215,237,297,287,235,301,240,246,284,275,265,258,244,290,281,262,255,253,299,250,300,303,256,277,279,291,282,270,274,263,133,63,212,186,271,91,92,62,232,187,128,132,96,94,98,67,310,308,99,289,259,280,278,285,267,288,286,296,116,294,64,50,66,111,110,107,97,65,93,95,114,103,115,117,113,104,112,165,298,293,127,139,145,143,142,141,138,137,136,135,144,130,129,126,125,124,123,122,121,120,146,119,118,134,147,140,131,200,307,109,68,311,316,306,317,49,309)  AND `status` = 1 ORDER BY label_area desc,cate_id asc LIMIT 0,12                                                                                                                                                                                                                                                [ RunTime:0.017001s ]
[ sql ] [ SQL ] SELECT * FROM `mini_key_value` WHERE  `collection` = 'indextheme'  AND `uuid` = 'default' LIMIT 1     [ RunTime:0.002001s ]
[ sql ] [ DB ] CONNECT:[ UseTime:0.002000s ] mysql:dbname=minishop_db;host=127.0.0.1;port=3306;charset=utf8
[ sql ] [ SQL ] SHOW COLUMNS FROM `mini_navigation` [ RunTime:0.008000s ]
[ sql ] [ SQL ] SELECT `id`,`name`,`icon`,`pid`,`sort`,`url`,`hide` FROM `mini_navigation` WHERE  `hide` = 0 ORDER BY sort   [ RunTime:0.002001s ]
[ sql ] [ SQL ] SELECT * FROM `mini_goods_filter` WHERE  `slug` = 'filter_qdz' LIMIT 1    [ RunTime:0.002000s ]
[ sql ] [ SQL ] SELECT * FROM `mini_goods_filter` WHERE  `pid` = 6   [ RunTime:0.002000s ]
[ sql ] [ SQL ] SHOW COLUMNS FROM `mini_posts` [ RunTime:0.008000s ]
[ sql ] [ SQL ] SELECT * FROM `mini_posts` WHERE  `name` = 'server-process-qdz' LIMIT 1    [ RunTime:0.002000s ]
[ sql ] [ SQL ] SELECT * FROM `mini_posts` WHERE  `name` = 'why-choose' LIMIT 1    [ RunTime:0.002000s ]

---------------------------------------------------------------
[ 2017-06-03T20:30:02+08:00 ] ::1 ::1 GET /minishop/index.php/index/goods/detail.html?id=145
[ log ] localhost/minishop/index.php/index/goods/detail.html?id=145 [运行时间：0.216012s][吞吐率：4.63req/s] [内存消耗：2,476.63kb] [文件加载：57]
[ info ] [ DB ] INIT mysql
[ info ] [ LANG ] D:\phpStudy\WWW\minishop\core\lang\zh-cn.php
[ info ] [ ROUTE ] array (
  'type' => 'module',
  'module' => 
  array (
    0 => 'index',
    1 => 'goods',
    2 => 'detail',
  ),
)
[ info ] [ HEADER ] array (
  'host' => 'localhost',
  'connection' => 'keep-alive',
  'accept' => 'text/html,application/xhtml+xml,application/xml;q=0.9,image/webp,*/*;q=0.8',
  'upgrade-insecure-requests' => '1',
  'user-agent' => 'Mozilla/5.0 (Windows NT 6.1; WOW64) AppleWebKit/537.36 (KHTML, like Gecko) Chrome/45.0.2454.101 Safari/537.36',
  'referer' => 'http://localhost/minishop/index.php/index/goods/lists.html?category=qdz_area_all|qdz_tese_all&sort=areadown',
  'accept-encoding' => 'gzip, deflate, sdch',
  'accept-language' => 'zh-CN,zh;q=0.8',
  'cookie' => 'UM_distinctid=15abaf0eb5b105-0e4b7d36d-4349052c-100200-15abaf0eb5e1bd; CNZZDATA1256643218=1194298924-1489194384-%7C1489237927; think_var=zh-cn; PHPSESSID=3cetmn91uv4gor3dtb8350vfs0; __session:0.08625249308533967:=http:',
)
[ info ] [ PARAM ] array (
  'id' => '145',
)
[ info ] [ LANG ] D:\phpStudy\WWW\minishop/application/index\lang\zh-cn.php
[ info ] [ SESSION ] INIT array (
  'prefix' => 'minishop',
  'type' => '',
  'auto_start' => true,
)
[ info ] [ RUN ] Method [ <user> public method detail ] {
  @@ D:\phpStudy\WWW\minishop\application\index\controller\Goods.php 164 - 218
}

[ info ] [ VIEW ] ./themes/qintu/index/goods_detail.html [ array (
  0 => 'userinfo',
  1 => 'star_1',
  2 => 'star_2',
  3 => 'star_3',
  4 => 'star_4',
  5 => 'star_5',
  6 => 'data',
  7 => 'categoryInfo',
  8 => 'comment',
  9 => 'total_comment',
  10 => 'average',
  11 => 'page',
  12 => 'exchange_rate',
) ]
[ info ] [ DB ] INIT mysql
[ info ] [ LOG ] INIT file
[ sql ] [ DB ] CONNECT:[ UseTime:0.011001s ] mysql:dbname=minishop_db;host=127.0.0.1;port=3306;charset=utf8
[ sql ] [ SQL ] SHOW COLUMNS FROM `mini_key_value` [ RunTime:0.008000s ]
[ sql ] [ SQL ] SELECT `value` FROM `mini_key_value` WHERE  `collection` = 'indextheme' LIMIT 1    [ RunTime:0.002000s ]
[ sql ] [ SQL ] SELECT * FROM `mini_key_value` WHERE  `collection` = 'config.base'   [ RunTime:0.002000s ]
[ sql ] [ SQL ] SHOW COLUMNS FROM `mini_apiconfig` [ RunTime:0.008000s ]
[ sql ] [ SQL ] SELECT * FROM `mini_apiconfig`  [ RunTime:0.002000s ]
[ sql ] [ SQL ] SHOW COLUMNS FROM `mini_goods_cate` [ RunTime:0.007001s ]
[ sql ] [ SQL ] SELECT a.* FROM mini_goods_cate a LEFT JOIN mini_goods_cate_relationships b ON b.cate_id= a.id  WHERE  b.goods_id = '145' LIMIT 1   [ RunTime:0.002000s ]
[ sql ] [ SQL ] SHOW COLUMNS FROM `mini_goods` [ RunTime:0.008000s ]
[ sql ] [ SQL ] SELECT * FROM `mini_goods` WHERE  `id` = 145 LIMIT 1    [ RunTime:0.002001s ]
[ sql ] [ SQL ] SHOW COLUMNS FROM `mini_goods_comment` [ RunTime:0.012000s ]
[ sql ] [ SQL ] SELECT COUNT(*) AS tp_count FROM `mini_goods_comment` WHERE  `status` = 1  AND `goods_id` = 145 LIMIT 1     [ RunTime:0.002000s ]
[ sql ] [ SQL ] SELECT COUNT(*) AS tp_count FROM `mini_goods_comment` WHERE  `status` = 1  AND `goods_id` = 145 LIMIT 1     [ RunTime:0.002001s ]
[ sql ] [ SQL ] SELECT * FROM `mini_goods_comment` WHERE  `status` = 1  AND `goods_id` = 145 LIMIT 0,10     [ RunTime:0.002000s ]
[ sql ] [ SQL ] SELECT * FROM `mini_key_value` WHERE  `collection` = 'indextheme'  AND `uuid` = 'default' LIMIT 1     [ RunTime:0.002000s ]
[ sql ] [ DB ] CONNECT:[ UseTime:0.002000s ] mysql:dbname=minishop_db;host=127.0.0.1;port=3306;charset=utf8
[ sql ] [ SQL ] SHOW COLUMNS FROM `mini_navigation` [ RunTime:0.008001s ]
[ sql ] [ SQL ] SELECT `id`,`name`,`icon`,`pid`,`sort`,`url`,`hide` FROM `mini_navigation` WHERE  `hide` = 0 ORDER BY sort   [ RunTime:0.002000s ]
[ sql ] [ SQL ] SELECT * FROM `mini_goods_cate` WHERE  `id` = 25 LIMIT 1    [ RunTime:0.001000s ]
[ sql ] [ SQL ] SELECT * FROM `mini_navigation` WHERE  `name` = '轻旅行' LIMIT 1    [ RunTime:0.001000s ]
[ sql ] [ SQL ] SELECT * FROM `mini_goods_cate` WHERE  `slug` = 'qdz_tese_djty' LIMIT 1    [ RunTime:0.002000s ]
[ sql ] [ SQL ] SELECT * FROM `mini_goods_cate` WHERE  `slug` = 'qdz' LIMIT 1    [ RunTime:0.002001s ]
[ sql ] [ SQL ] SHOW COLUMNS FROM `mini_goods_cate_relationships` [ RunTime:0.007000s ]
[ sql ] [ SQL ] SELECT `goods_id` FROM `mini_goods_cate_relationships` WHERE  `cate_id` = 42   [ RunTime:0.003000s ]
[ sql ] [ SQL ] SELECT `goods_id` FROM `mini_goods_cate_relationships` WHERE  `cate_id` = 25   [ RunTime:0.003000s ]
[ sql ] [ SQL ] SELECT * FROM `mini_goods` WHERE  `id` <> 145  AND `status` = 1  AND `label_match_1` = '90016' ORDER BY rand() LIMIT 2      [ RunTime:0.010001s ]
[ sql ] [ SQL ] SELECT * FROM `mini_goods` WHERE  `share_child_id` = null  [ RunTime:0.003000s ]
[ sql ] [ SQL ] SELECT * FROM `mini_goods` WHERE  `share_master_id` = null LIMIT 1   [ RunTime:0.003000s ]
[ sql ] [ SQL ] SHOW COLUMNS FROM `mini_posts` [ RunTime:0.008001s ]
[ sql ] [ SQL ] SELECT * FROM `mini_posts` WHERE  `name` = 'post-cost' LIMIT 1    [ RunTime:0.002000s ]
[ sql ] [ SQL ] SELECT * FROM `mini_posts` WHERE  `name` = 'post-question' LIMIT 1    [ RunTime:0.002000s ]

---------------------------------------------------------------
[ 2017-06-03T20:30:02+08:00 ] ::1 ::1 GET /minishop/index.php/index/index/islogin.html
[ log ] localhost/minishop/index.php/index/index/islogin.html [运行时间：0.082005s][吞吐率：12.19req/s] [内存消耗：2,185.03kb] [文件加载：52]
[ info ] [ DB ] INIT mysql
[ info ] [ LANG ] D:\phpStudy\WWW\minishop\core\lang\zh-cn.php
[ info ] [ ROUTE ] array (
  'type' => 'module',
  'module' => 
  array (
    0 => 'index',
    1 => 'index',
    2 => 'islogin',
  ),
)
[ info ] [ HEADER ] array (
  'host' => 'localhost',
  'connection' => 'keep-alive',
  'accept' => '*/*',
  'x-requested-with' => 'XMLHttpRequest',
  'user-agent' => 'Mozilla/5.0 (Windows NT 6.1; WOW64) AppleWebKit/537.36 (KHTML, like Gecko) Chrome/45.0.2454.101 Safari/537.36',
  'referer' => 'http://localhost/minishop/index.php/index/goods/detail.html?id=145',
  'accept-encoding' => 'gzip, deflate, sdch',
  'accept-language' => 'zh-CN,zh;q=0.8',
  'cookie' => 'UM_distinctid=15abaf0eb5b105-0e4b7d36d-4349052c-100200-15abaf0eb5e1bd; CNZZDATA1256643218=1194298924-1489194384-%7C1489237927; think_var=zh-cn; PHPSESSID=3cetmn91uv4gor3dtb8350vfs0; __session:0.08625249308533967:=http:',
)
[ info ] [ PARAM ] array (
)
[ info ] [ LANG ] D:\phpStudy\WWW\minishop/application/index\lang\zh-cn.php
[ info ] [ SESSION ] INIT array (
  'prefix' => 'minishop',
  'type' => '',
  'auto_start' => true,
)
[ info ] [ RUN ] Method [ <user> public method isLogin ] {
  @@ D:\phpStudy\WWW\minishop\application\index\controller\Index.php 28 - 34
}

[ info ] [ LOG ] INIT file
[ sql ] [ DB ] CONNECT:[ UseTime:0.002000s ] mysql:dbname=minishop_db;host=127.0.0.1;port=3306;charset=utf8
[ sql ] [ SQL ] SHOW COLUMNS FROM `mini_key_value` [ RunTime:0.008000s ]
[ sql ] [ SQL ] SELECT `value` FROM `mini_key_value` WHERE  `collection` = 'indextheme' LIMIT 1    [ RunTime:0.002000s ]
[ sql ] [ SQL ] SELECT * FROM `mini_key_value` WHERE  `collection` = 'config.base'   [ RunTime:0.002000s ]
[ sql ] [ SQL ] SHOW COLUMNS FROM `mini_apiconfig` [ RunTime:0.009000s ]
[ sql ] [ SQL ] SELECT * FROM `mini_apiconfig`  [ RunTime:0.002000s ]

---------------------------------------------------------------
[ 2017-06-03T20:30:03+08:00 ] ::1 ::1 GET /minishop/index.php/index/order/getordersnoaddnum.html
[ log ] localhost/minishop/index.php/index/order/getordersnoaddnum.html [运行时间：0.091005s][吞吐率：10.99req/s] [内存消耗：2,142.34kb] [文件加载：52]
[ info ] [ DB ] INIT mysql
[ info ] [ LANG ] D:\phpStudy\WWW\minishop\core\lang\zh-cn.php
[ info ] [ ROUTE ] array (
  'type' => 'module',
  'module' => 
  array (
    0 => 'index',
    1 => 'order',
    2 => 'getordersnoaddnum',
  ),
)
[ info ] [ HEADER ] array (
  'host' => 'localhost',
  'connection' => 'keep-alive',
  'accept' => '*/*',
  'x-requested-with' => 'XMLHttpRequest',
  'user-agent' => 'Mozilla/5.0 (Windows NT 6.1; WOW64) AppleWebKit/537.36 (KHTML, like Gecko) Chrome/45.0.2454.101 Safari/537.36',
  'referer' => 'http://localhost/minishop/index.php/index/goods/detail.html?id=145',
  'accept-encoding' => 'gzip, deflate, sdch',
  'accept-language' => 'zh-CN,zh;q=0.8',
  'cookie' => 'UM_distinctid=15abaf0eb5b105-0e4b7d36d-4349052c-100200-15abaf0eb5e1bd; CNZZDATA1256643218=1194298924-1489194384-%7C1489237927; think_var=zh-cn; PHPSESSID=3cetmn91uv4gor3dtb8350vfs0; __session:0.08625249308533967:=http:',
)
[ info ] [ PARAM ] array (
)
[ info ] [ LANG ] D:\phpStudy\WWW\minishop/application/index\lang\zh-cn.php
[ info ] [ SESSION ] INIT array (
  'prefix' => 'minishop',
  'type' => '',
  'auto_start' => true,
)
[ info ] [ RUN ] Method [ <user> public method getOrdersNoAddNum ] {
  @@ D:\phpStudy\WWW\minishop\application\index\controller\Order.php 200 - 211
}

[ info ] [ LOG ] INIT file
[ sql ] [ DB ] CONNECT:[ UseTime:0.002000s ] mysql:dbname=minishop_db;host=127.0.0.1;port=3306;charset=utf8
[ sql ] [ SQL ] SHOW COLUMNS FROM `mini_key_value` [ RunTime:0.007000s ]
[ sql ] [ SQL ] SELECT `value` FROM `mini_key_value` WHERE  `collection` = 'indextheme' LIMIT 1    [ RunTime:0.001000s ]
[ sql ] [ SQL ] SELECT * FROM `mini_key_value` WHERE  `collection` = 'config.base'   [ RunTime:0.002000s ]
[ sql ] [ SQL ] SHOW COLUMNS FROM `mini_apiconfig` [ RunTime:0.007000s ]
[ sql ] [ SQL ] SELECT * FROM `mini_apiconfig`  [ RunTime:0.002000s ]
[ sql ] [ SQL ] SHOW COLUMNS FROM `mini_cart` [ RunTime:0.009001s ]
[ sql ] [ SQL ] SELECT * FROM `mini_cart` WHERE  `status` = 1  AND `uid` = 46 ORDER BY createtime desc    [ RunTime:0.001000s ]

---------------------------------------------------------------
[ 2017-06-03T20:30:04+08:00 ] ::1 ::1 GET /minishop/index.php/index/index/islogin.html
[ log ] localhost/minishop/index.php/index/index/islogin.html [运行时间：0.089005s][吞吐率：11.24req/s] [内存消耗：2,185.03kb] [文件加载：52]
[ info ] [ DB ] INIT mysql
[ info ] [ LANG ] D:\phpStudy\WWW\minishop\core\lang\zh-cn.php
[ info ] [ ROUTE ] array (
  'type' => 'module',
  'module' => 
  array (
    0 => 'index',
    1 => 'index',
    2 => 'islogin',
  ),
)
[ info ] [ HEADER ] array (
  'host' => 'localhost',
  'connection' => 'keep-alive',
  'accept' => '*/*',
  'x-requested-with' => 'XMLHttpRequest',
  'user-agent' => 'Mozilla/5.0 (Windows NT 6.1; WOW64) AppleWebKit/537.36 (KHTML, like Gecko) Chrome/45.0.2454.101 Safari/537.36',
  'referer' => 'http://localhost/minishop/index.php/index/goods/detail.html?id=145',
  'accept-encoding' => 'gzip, deflate, sdch',
  'accept-language' => 'zh-CN,zh;q=0.8',
  'cookie' => 'UM_distinctid=15abaf0eb5b105-0e4b7d36d-4349052c-100200-15abaf0eb5e1bd; CNZZDATA1256643218=1194298924-1489194384-%7C1489237927; think_var=zh-cn; PHPSESSID=3cetmn91uv4gor3dtb8350vfs0; __session:0.08625249308533967:=http:',
)
[ info ] [ PARAM ] array (
)
[ info ] [ LANG ] D:\phpStudy\WWW\minishop/application/index\lang\zh-cn.php
[ info ] [ SESSION ] INIT array (
  'prefix' => 'minishop',
  'type' => '',
  'auto_start' => true,
)
[ info ] [ RUN ] Method [ <user> public method isLogin ] {
  @@ D:\phpStudy\WWW\minishop\application\index\controller\Index.php 28 - 34
}

[ info ] [ LOG ] INIT file
[ sql ] [ DB ] CONNECT:[ UseTime:0.002000s ] mysql:dbname=minishop_db;host=127.0.0.1;port=3306;charset=utf8
[ sql ] [ SQL ] SHOW COLUMNS FROM `mini_key_value` [ RunTime:0.007000s ]
[ sql ] [ SQL ] SELECT `value` FROM `mini_key_value` WHERE  `collection` = 'indextheme' LIMIT 1    [ RunTime:0.002000s ]
[ sql ] [ SQL ] SELECT * FROM `mini_key_value` WHERE  `collection` = 'config.base'   [ RunTime:0.003001s ]
[ sql ] [ SQL ] SHOW COLUMNS FROM `mini_apiconfig` [ RunTime:0.007000s ]
[ sql ] [ SQL ] SELECT * FROM `mini_apiconfig`  [ RunTime:0.002000s ]

---------------------------------------------------------------
[ 2017-06-03T20:30:04+08:00 ] ::1 ::1 POST /minishop/index.php/index/cart/addxyd.html
[ log ] localhost/minishop/index.php/index/cart/addxyd.html [运行时间：0.101006s][吞吐率：9.90req/s] [内存消耗：2,192.13kb] [文件加载：53]
[ info ] [ DB ] INIT mysql
[ info ] [ LANG ] D:\phpStudy\WWW\minishop\core\lang\zh-cn.php
[ info ] [ ROUTE ] array (
  'type' => 'module',
  'module' => 
  array (
    0 => 'index',
    1 => 'cart',
    2 => 'addxyd',
  ),
)
[ info ] [ HEADER ] array (
  'host' => 'localhost',
  'connection' => 'keep-alive',
  'accept' => '*/*',
  'origin' => 'http://localhost',
  'x-requested-with' => 'XMLHttpRequest',
  'user-agent' => 'Mozilla/5.0 (Windows NT 6.1; WOW64) AppleWebKit/537.36 (KHTML, like Gecko) Chrome/45.0.2454.101 Safari/537.36',
  'referer' => 'http://localhost/minishop/index.php/index/goods/detail.html?id=145',
  'accept-encoding' => 'gzip, deflate',
  'accept-language' => 'zh-CN,zh;q=0.8',
  'cookie' => 'UM_distinctid=15abaf0eb5b105-0e4b7d36d-4349052c-100200-15abaf0eb5e1bd; CNZZDATA1256643218=1194298924-1489194384-%7C1489237927; think_var=zh-cn; PHPSESSID=3cetmn91uv4gor3dtb8350vfs0; __session:0.08625249308533967:=http:',
  'content-type' => 'application/x-www-form-urlencoded; charset=UTF-8',
  'content-length' => '170',
)
[ info ] [ PARAM ] array (
  'departure_time' => '1497312000',
  'man_num' => '1',
  'child_num' => '0',
  'name' => '特色体验 | 屋久岛潜水体验',
  'goods_id' => '145',
)
[ info ] [ LANG ] D:\phpStudy\WWW\minishop/application/index\lang\zh-cn.php
[ info ] [ SESSION ] INIT array (
  'prefix' => 'minishop',
  'type' => '',
  'auto_start' => true,
)
[ info ] [ RUN ] Method [ <user> public method addXyd ] {
  @@ D:\phpStudy\WWW\minishop\application\index\controller\Cart.php 284 - 297
}

[ info ] [ LOG ] INIT file
[ sql ] [ DB ] CONNECT:[ UseTime:0.011001s ] mysql:dbname=minishop_db;host=127.0.0.1;port=3306;charset=utf8
[ sql ] [ SQL ] SHOW COLUMNS FROM `mini_key_value` [ RunTime:0.007000s ]
[ sql ] [ SQL ] SELECT `value` FROM `mini_key_value` WHERE  `collection` = 'indextheme' LIMIT 1    [ RunTime:0.002001s ]
[ sql ] [ SQL ] SELECT * FROM `mini_key_value` WHERE  `collection` = 'config.base'   [ RunTime:0.003000s ]
[ sql ] [ SQL ] SHOW COLUMNS FROM `mini_apiconfig` [ RunTime:0.007000s ]
[ sql ] [ SQL ] SELECT * FROM `mini_apiconfig`  [ RunTime:0.002001s ]
[ sql ] [ SQL ] SHOW COLUMNS FROM `mini_cart` [ RunTime:0.007000s ]
[ sql ] [ SQL ] INSERT INTO `mini_cart` (`goods_id` , `uid` , `num` , `createtime` , `departure_time` , `man_num` , `child_num`) VALUES (145 , 46 , 1 , 1496493004 , 1497312000 , 1 , 0)         [ RunTime:0.005000s ]
[ sql ] [ SQL ] SELECT * FROM `mini_cart` WHERE  `goods_id` = 145  AND `status` = 1 LIMIT 1     [ RunTime:0.002000s ]

---------------------------------------------------------------
[ 2017-06-03T20:30:04+08:00 ] ::1 ::1 GET /minishop/index.php/index/index/islogin.html
[ log ] localhost/minishop/index.php/index/index/islogin.html [运行时间：0.091005s][吞吐率：10.99req/s] [内存消耗：2,185.03kb] [文件加载：52]
[ info ] [ DB ] INIT mysql
[ info ] [ LANG ] D:\phpStudy\WWW\minishop\core\lang\zh-cn.php
[ info ] [ ROUTE ] array (
  'type' => 'module',
  'module' => 
  array (
    0 => 'index',
    1 => 'index',
    2 => 'islogin',
  ),
)
[ info ] [ HEADER ] array (
  'host' => 'localhost',
  'connection' => 'keep-alive',
  'accept' => '*/*',
  'x-requested-with' => 'XMLHttpRequest',
  'user-agent' => 'Mozilla/5.0 (Windows NT 6.1; WOW64) AppleWebKit/537.36 (KHTML, like Gecko) Chrome/45.0.2454.101 Safari/537.36',
  'referer' => 'http://localhost/minishop/index.php/index/goods/detail.html?id=145',
  'accept-encoding' => 'gzip, deflate, sdch',
  'accept-language' => 'zh-CN,zh;q=0.8',
  'cookie' => 'UM_distinctid=15abaf0eb5b105-0e4b7d36d-4349052c-100200-15abaf0eb5e1bd; CNZZDATA1256643218=1194298924-1489194384-%7C1489237927; think_var=zh-cn; PHPSESSID=3cetmn91uv4gor3dtb8350vfs0; __session:0.08625249308533967:=http:',
)
[ info ] [ PARAM ] array (
)
[ info ] [ LANG ] D:\phpStudy\WWW\minishop/application/index\lang\zh-cn.php
[ info ] [ SESSION ] INIT array (
  'prefix' => 'minishop',
  'type' => '',
  'auto_start' => true,
)
[ info ] [ RUN ] Method [ <user> public method isLogin ] {
  @@ D:\phpStudy\WWW\minishop\application\index\controller\Index.php 28 - 34
}

[ info ] [ LOG ] INIT file
[ sql ] [ DB ] CONNECT:[ UseTime:0.002000s ] mysql:dbname=minishop_db;host=127.0.0.1;port=3306;charset=utf8
[ sql ] [ SQL ] SHOW COLUMNS FROM `mini_key_value` [ RunTime:0.007001s ]
[ sql ] [ SQL ] SELECT `value` FROM `mini_key_value` WHERE  `collection` = 'indextheme' LIMIT 1    [ RunTime:0.002000s ]
[ sql ] [ SQL ] SELECT * FROM `mini_key_value` WHERE  `collection` = 'config.base'   [ RunTime:0.001000s ]
[ sql ] [ SQL ] SHOW COLUMNS FROM `mini_apiconfig` [ RunTime:0.010001s ]
[ sql ] [ SQL ] SELECT * FROM `mini_apiconfig`  [ RunTime:0.001000s ]

---------------------------------------------------------------
[ 2017-06-03T20:30:04+08:00 ] ::1 ::1 GET /minishop/index.php/index/order/getordersnoaddnum.html
[ log ] localhost/minishop/index.php/index/order/getordersnoaddnum.html [运行时间：0.089005s][吞吐率：11.24req/s] [内存消耗：2,142.67kb] [文件加载：52]
[ info ] [ DB ] INIT mysql
[ info ] [ LANG ] D:\phpStudy\WWW\minishop\core\lang\zh-cn.php
[ info ] [ ROUTE ] array (
  'type' => 'module',
  'module' => 
  array (
    0 => 'index',
    1 => 'order',
    2 => 'getordersnoaddnum',
  ),
)
[ info ] [ HEADER ] array (
  'host' => 'localhost',
  'connection' => 'keep-alive',
  'accept' => '*/*',
  'x-requested-with' => 'XMLHttpRequest',
  'user-agent' => 'Mozilla/5.0 (Windows NT 6.1; WOW64) AppleWebKit/537.36 (KHTML, like Gecko) Chrome/45.0.2454.101 Safari/537.36',
  'referer' => 'http://localhost/minishop/index.php/index/goods/detail.html?id=145',
  'accept-encoding' => 'gzip, deflate, sdch',
  'accept-language' => 'zh-CN,zh;q=0.8',
  'cookie' => 'UM_distinctid=15abaf0eb5b105-0e4b7d36d-4349052c-100200-15abaf0eb5e1bd; CNZZDATA1256643218=1194298924-1489194384-%7C1489237927; think_var=zh-cn; PHPSESSID=3cetmn91uv4gor3dtb8350vfs0; __session:0.08625249308533967:=http:',
)
[ info ] [ PARAM ] array (
)
[ info ] [ LANG ] D:\phpStudy\WWW\minishop/application/index\lang\zh-cn.php
[ info ] [ SESSION ] INIT array (
  'prefix' => 'minishop',
  'type' => '',
  'auto_start' => true,
)
[ info ] [ RUN ] Method [ <user> public method getOrdersNoAddNum ] {
  @@ D:\phpStudy\WWW\minishop\application\index\controller\Order.php 200 - 211
}

[ info ] [ LOG ] INIT file
[ sql ] [ DB ] CONNECT:[ UseTime:0.002000s ] mysql:dbname=minishop_db;host=127.0.0.1;port=3306;charset=utf8
[ sql ] [ SQL ] SHOW COLUMNS FROM `mini_key_value` [ RunTime:0.011001s ]
[ sql ] [ SQL ] SELECT `value` FROM `mini_key_value` WHERE  `collection` = 'indextheme' LIMIT 1    [ RunTime:0.001000s ]
[ sql ] [ SQL ] SELECT * FROM `mini_key_value` WHERE  `collection` = 'config.base'   [ RunTime:0.002000s ]
[ sql ] [ SQL ] SHOW COLUMNS FROM `mini_apiconfig` [ RunTime:0.007001s ]
[ sql ] [ SQL ] SELECT * FROM `mini_apiconfig`  [ RunTime:0.001000s ]
[ sql ] [ SQL ] SHOW COLUMNS FROM `mini_cart` [ RunTime:0.007000s ]
[ sql ] [ SQL ] SELECT * FROM `mini_cart` WHERE  `status` = 1  AND `uid` = 46 ORDER BY createtime desc    [ RunTime:0.002000s ]

---------------------------------------------------------------
[ 2017-06-03T20:30:23+08:00 ] ::1 ::1 GET /minishop/index.php/index/index/islogin.html
[ log ] localhost/minishop/index.php/index/index/islogin.html [运行时间：0.097006s][吞吐率：10.31req/s] [内存消耗：2,185.03kb] [文件加载：52]
[ info ] [ DB ] INIT mysql
[ info ] [ LANG ] D:\phpStudy\WWW\minishop\core\lang\zh-cn.php
[ info ] [ ROUTE ] array (
  'type' => 'module',
  'module' => 
  array (
    0 => 'index',
    1 => 'index',
    2 => 'islogin',
  ),
)
[ info ] [ HEADER ] array (
  'host' => 'localhost',
  'connection' => 'keep-alive',
  'accept' => '*/*',
  'x-requested-with' => 'XMLHttpRequest',
  'user-agent' => 'Mozilla/5.0 (Windows NT 6.1; WOW64) AppleWebKit/537.36 (KHTML, like Gecko) Chrome/45.0.2454.101 Safari/537.36',
  'referer' => 'http://localhost/minishop/index.php/index/goods/detail.html?id=145',
  'accept-encoding' => 'gzip, deflate, sdch',
  'accept-language' => 'zh-CN,zh;q=0.8',
  'cookie' => 'UM_distinctid=15abaf0eb5b105-0e4b7d36d-4349052c-100200-15abaf0eb5e1bd; CNZZDATA1256643218=1194298924-1489194384-%7C1489237927; think_var=zh-cn; PHPSESSID=3cetmn91uv4gor3dtb8350vfs0; __session:0.08625249308533967:=http:',
)
[ info ] [ PARAM ] array (
)
[ info ] [ LANG ] D:\phpStudy\WWW\minishop/application/index\lang\zh-cn.php
[ info ] [ SESSION ] INIT array (
  'prefix' => 'minishop',
  'type' => '',
  'auto_start' => true,
)
[ info ] [ RUN ] Method [ <user> public method isLogin ] {
  @@ D:\phpStudy\WWW\minishop\application\index\controller\Index.php 28 - 34
}

[ info ] [ LOG ] INIT file
[ sql ] [ DB ] CONNECT:[ UseTime:0.002000s ] mysql:dbname=minishop_db;host=127.0.0.1;port=3306;charset=utf8
[ sql ] [ SQL ] SHOW COLUMNS FROM `mini_key_value` [ RunTime:0.008001s ]
[ sql ] [ SQL ] SELECT `value` FROM `mini_key_value` WHERE  `collection` = 'indextheme' LIMIT 1    [ RunTime:0.001000s ]
[ sql ] [ SQL ] SELECT * FROM `mini_key_value` WHERE  `collection` = 'config.base'   [ RunTime:0.001000s ]
[ sql ] [ SQL ] SHOW COLUMNS FROM `mini_apiconfig` [ RunTime:0.007001s ]
[ sql ] [ SQL ] SELECT * FROM `mini_apiconfig`  [ RunTime:0.002000s ]

---------------------------------------------------------------
[ 2017-06-03T20:30:23+08:00 ] ::1 ::1 POST /minishop/index.php/index/cart/addxyd.html
[ log ] localhost/minishop/index.php/index/cart/addxyd.html [运行时间：0.095006s][吞吐率：10.53req/s] [内存消耗：2,192.13kb] [文件加载：53]
[ info ] [ DB ] INIT mysql
[ info ] [ LANG ] D:\phpStudy\WWW\minishop\core\lang\zh-cn.php
[ info ] [ ROUTE ] array (
  'type' => 'module',
  'module' => 
  array (
    0 => 'index',
    1 => 'cart',
    2 => 'addxyd',
  ),
)
[ info ] [ HEADER ] array (
  'host' => 'localhost',
  'connection' => 'keep-alive',
  'accept' => '*/*',
  'origin' => 'http://localhost',
  'x-requested-with' => 'XMLHttpRequest',
  'user-agent' => 'Mozilla/5.0 (Windows NT 6.1; WOW64) AppleWebKit/537.36 (KHTML, like Gecko) Chrome/45.0.2454.101 Safari/537.36',
  'referer' => 'http://localhost/minishop/index.php/index/goods/detail.html?id=145',
  'accept-encoding' => 'gzip, deflate',
  'accept-language' => 'zh-CN,zh;q=0.8',
  'cookie' => 'UM_distinctid=15abaf0eb5b105-0e4b7d36d-4349052c-100200-15abaf0eb5e1bd; CNZZDATA1256643218=1194298924-1489194384-%7C1489237927; think_var=zh-cn; PHPSESSID=3cetmn91uv4gor3dtb8350vfs0; __session:0.08625249308533967:=http:',
  'content-type' => 'application/x-www-form-urlencoded; charset=UTF-8',
  'content-length' => '170',
)
[ info ] [ PARAM ] array (
  'departure_time' => '1497312000',
  'man_num' => '1',
  'child_num' => '0',
  'name' => '特色体验 | 屋久岛潜水体验',
  'goods_id' => '145',
)
[ info ] [ LANG ] D:\phpStudy\WWW\minishop/application/index\lang\zh-cn.php
[ info ] [ SESSION ] INIT array (
  'prefix' => 'minishop',
  'type' => '',
  'auto_start' => true,
)
[ info ] [ RUN ] Method [ <user> public method addXyd ] {
  @@ D:\phpStudy\WWW\minishop\application\index\controller\Cart.php 284 - 297
}

[ info ] [ LOG ] INIT file
[ sql ] [ DB ] CONNECT:[ UseTime:0.001000s ] mysql:dbname=minishop_db;host=127.0.0.1;port=3306;charset=utf8
[ sql ] [ SQL ] SHOW COLUMNS FROM `mini_key_value` [ RunTime:0.008001s ]
[ sql ] [ SQL ] SELECT `value` FROM `mini_key_value` WHERE  `collection` = 'indextheme' LIMIT 1    [ RunTime:0.001000s ]
[ sql ] [ SQL ] SELECT * FROM `mini_key_value` WHERE  `collection` = 'config.base'   [ RunTime:0.002000s ]
[ sql ] [ SQL ] SHOW COLUMNS FROM `mini_apiconfig` [ RunTime:0.008001s ]
[ sql ] [ SQL ] SELECT * FROM `mini_apiconfig`  [ RunTime:0.002000s ]
[ sql ] [ SQL ] SHOW COLUMNS FROM `mini_cart` [ RunTime:0.007000s ]
[ sql ] [ SQL ] INSERT INTO `mini_cart` (`goods_id` , `uid` , `num` , `createtime` , `departure_time` , `man_num` , `child_num`) VALUES (145 , 46 , 1 , 1496493023 , 1497312000 , 1 , 0)         [ RunTime:0.009001s ]
[ sql ] [ SQL ] SELECT * FROM `mini_cart` WHERE  `goods_id` = 145  AND `status` = 1 LIMIT 1     [ RunTime:0.001000s ]

---------------------------------------------------------------
[ 2017-06-03T20:30:23+08:00 ] ::1 ::1 GET /minishop/index.php/index/index/islogin.html
[ log ] localhost/minishop/index.php/index/index/islogin.html [运行时间：0.085005s][吞吐率：11.76req/s] [内存消耗：2,185.03kb] [文件加载：52]
[ info ] [ DB ] INIT mysql
[ info ] [ LANG ] D:\phpStudy\WWW\minishop\core\lang\zh-cn.php
[ info ] [ ROUTE ] array (
  'type' => 'module',
  'module' => 
  array (
    0 => 'index',
    1 => 'index',
    2 => 'islogin',
  ),
)
[ info ] [ HEADER ] array (
  'host' => 'localhost',
  'connection' => 'keep-alive',
  'accept' => '*/*',
  'x-requested-with' => 'XMLHttpRequest',
  'user-agent' => 'Mozilla/5.0 (Windows NT 6.1; WOW64) AppleWebKit/537.36 (KHTML, like Gecko) Chrome/45.0.2454.101 Safari/537.36',
  'referer' => 'http://localhost/minishop/index.php/index/goods/detail.html?id=145',
  'accept-encoding' => 'gzip, deflate, sdch',
  'accept-language' => 'zh-CN,zh;q=0.8',
  'cookie' => 'UM_distinctid=15abaf0eb5b105-0e4b7d36d-4349052c-100200-15abaf0eb5e1bd; CNZZDATA1256643218=1194298924-1489194384-%7C1489237927; think_var=zh-cn; PHPSESSID=3cetmn91uv4gor3dtb8350vfs0; __session:0.08625249308533967:=http:',
)
[ info ] [ PARAM ] array (
)
[ info ] [ LANG ] D:\phpStudy\WWW\minishop/application/index\lang\zh-cn.php
[ info ] [ SESSION ] INIT array (
  'prefix' => 'minishop',
  'type' => '',
  'auto_start' => true,
)
[ info ] [ RUN ] Method [ <user> public method isLogin ] {
  @@ D:\phpStudy\WWW\minishop\application\index\controller\Index.php 28 - 34
}

[ info ] [ LOG ] INIT file
[ sql ] [ DB ] CONNECT:[ UseTime:0.002000s ] mysql:dbname=minishop_db;host=127.0.0.1;port=3306;charset=utf8
[ sql ] [ SQL ] SHOW COLUMNS FROM `mini_key_value` [ RunTime:0.012001s ]
[ sql ] [ SQL ] SELECT `value` FROM `mini_key_value` WHERE  `collection` = 'indextheme' LIMIT 1    [ RunTime:0.002000s ]
[ sql ] [ SQL ] SELECT * FROM `mini_key_value` WHERE  `collection` = 'config.base'   [ RunTime:0.002001s ]
[ sql ] [ SQL ] SHOW COLUMNS FROM `mini_apiconfig` [ RunTime:0.008000s ]
[ sql ] [ SQL ] SELECT * FROM `mini_apiconfig`  [ RunTime:0.002000s ]

---------------------------------------------------------------
[ 2017-06-03T20:30:23+08:00 ] ::1 ::1 GET /minishop/index.php/index/order/getordersnoaddnum.html
[ log ] localhost/minishop/index.php/index/order/getordersnoaddnum.html [运行时间：0.108006s][吞吐率：9.26req/s] [内存消耗：2,142.98kb] [文件加载：52]
[ info ] [ DB ] INIT mysql
[ info ] [ LANG ] D:\phpStudy\WWW\minishop\core\lang\zh-cn.php
[ info ] [ ROUTE ] array (
  'type' => 'module',
  'module' => 
  array (
    0 => 'index',
    1 => 'order',
    2 => 'getordersnoaddnum',
  ),
)
[ info ] [ HEADER ] array (
  'host' => 'localhost',
  'connection' => 'keep-alive',
  'accept' => '*/*',
  'x-requested-with' => 'XMLHttpRequest',
  'user-agent' => 'Mozilla/5.0 (Windows NT 6.1; WOW64) AppleWebKit/537.36 (KHTML, like Gecko) Chrome/45.0.2454.101 Safari/537.36',
  'referer' => 'http://localhost/minishop/index.php/index/goods/detail.html?id=145',
  'accept-encoding' => 'gzip, deflate, sdch',
  'accept-language' => 'zh-CN,zh;q=0.8',
  'cookie' => 'UM_distinctid=15abaf0eb5b105-0e4b7d36d-4349052c-100200-15abaf0eb5e1bd; CNZZDATA1256643218=1194298924-1489194384-%7C1489237927; think_var=zh-cn; PHPSESSID=3cetmn91uv4gor3dtb8350vfs0; __session:0.08625249308533967:=http:',
)
[ info ] [ PARAM ] array (
)
[ info ] [ LANG ] D:\phpStudy\WWW\minishop/application/index\lang\zh-cn.php
[ info ] [ SESSION ] INIT array (
  'prefix' => 'minishop',
  'type' => '',
  'auto_start' => true,
)
[ info ] [ RUN ] Method [ <user> public method getOrdersNoAddNum ] {
  @@ D:\phpStudy\WWW\minishop\application\index\controller\Order.php 200 - 211
}

[ info ] [ LOG ] INIT file
[ sql ] [ DB ] CONNECT:[ UseTime:0.002000s ] mysql:dbname=minishop_db;host=127.0.0.1;port=3306;charset=utf8
[ sql ] [ SQL ] SHOW COLUMNS FROM `mini_key_value` [ RunTime:0.007000s ]
[ sql ] [ SQL ] SELECT `value` FROM `mini_key_value` WHERE  `collection` = 'indextheme' LIMIT 1    [ RunTime:0.003001s ]
[ sql ] [ SQL ] SELECT * FROM `mini_key_value` WHERE  `collection` = 'config.base'   [ RunTime:0.003001s ]
[ sql ] [ SQL ] SHOW COLUMNS FROM `mini_apiconfig` [ RunTime:0.007000s ]
[ sql ] [ SQL ] SELECT * FROM `mini_apiconfig`  [ RunTime:0.002000s ]
[ sql ] [ SQL ] SHOW COLUMNS FROM `mini_cart` [ RunTime:0.012001s ]
[ sql ] [ SQL ] SELECT * FROM `mini_cart` WHERE  `status` = 1  AND `uid` = 46 ORDER BY createtime desc    [ RunTime:0.002000s ]

---------------------------------------------------------------
[ 2017-06-03T20:30:25+08:00 ] ::1 ::1 GET /minishop/themes/qintu/index/css/bootstrap.css.map
[ log ] localhost/minishop/themes/qintu/index/css/bootstrap.css.map [运行时间：0.068004s][吞吐率：14.70req/s] [内存消耗：1,745.37kb] [文件加载：41]
[ info ] [ DB ] INIT mysql
[ info ] [ LANG ] D:\phpStudy\WWW\minishop\core\lang\zh-cn.php
[ info ] [ ROUTE ] array (
  'type' => 'module',
  'module' => 
  array (
    0 => 'themes',
    1 => 'qintu',
    2 => 'index',
  ),
)
[ info ] [ HEADER ] array (
  'host' => 'localhost',
  'connection' => 'keep-alive',
  'user-agent' => 'Mozilla/5.0 (Windows NT 6.1; WOW64) AppleWebKit/537.36 (KHTML, like Gecko) Chrome/45.0.2454.101 Safari/537.36',
  'accept-encoding' => 'gzip, deflate, sdch',
  'accept-language' => 'zh-CN,zh;q=0.8',
  'cookie' => 'UM_distinctid=15abaf0eb5b105-0e4b7d36d-4349052c-100200-15abaf0eb5e1bd; CNZZDATA1256643218=1194298924-1489194384-%7C1489237927; think_var=zh-cn; PHPSESSID=3cetmn91uv4gor3dtb8350vfs0; __session:0.08625249308533967:=http:',
)
[ info ] [ PARAM ] array (
  'css' => 'bootstrap.css.map',
)
[ info ] [ LOG ] INIT file
[ sql ] [ DB ] CONNECT:[ UseTime:0.002000s ] mysql:dbname=minishop_db;host=127.0.0.1;port=3306;charset=utf8
[ sql ] [ SQL ] SHOW COLUMNS FROM `mini_key_value` [ RunTime:0.009000s ]
[ sql ] [ SQL ] SELECT `value` FROM `mini_key_value` WHERE  `collection` = 'indextheme' LIMIT 1    [ RunTime:0.001000s ]

---------------------------------------------------------------
[ 2017-06-03T20:33:51+08:00 ] ::1 ::1 GET /minishop/index.php/index/goods/detail.html?id=145
[ log ] localhost/minishop/index.php/index/goods/detail.html?id=145 [运行时间：0.210012s][吞吐率：4.76req/s] [内存消耗：2,731.25kb] [文件加载：62]
[ info ] [ DB ] INIT mysql
[ info ] [ LANG ] D:\phpStudy\WWW\minishop\core\lang\zh-cn.php
[ info ] [ ROUTE ] array (
  'type' => 'module',
  'module' => 
  array (
    0 => 'index',
    1 => 'goods',
    2 => 'detail',
  ),
)
[ info ] [ HEADER ] array (
  'host' => 'localhost',
  'connection' => 'keep-alive',
  'cache-control' => 'max-age=0',
  'accept' => 'text/html,application/xhtml+xml,application/xml;q=0.9,image/webp,*/*;q=0.8',
  'upgrade-insecure-requests' => '1',
  'user-agent' => 'Mozilla/5.0 (Windows NT 6.1; WOW64) AppleWebKit/537.36 (KHTML, like Gecko) Chrome/45.0.2454.101 Safari/537.36',
  'accept-encoding' => 'gzip, deflate, sdch',
  'accept-language' => 'zh-CN,zh;q=0.8',
  'cookie' => 'UM_distinctid=15abaf0eb5b105-0e4b7d36d-4349052c-100200-15abaf0eb5e1bd; CNZZDATA1256643218=1194298924-1489194384-%7C1489237927; think_var=zh-cn; PHPSESSID=3cetmn91uv4gor3dtb8350vfs0',
)
[ info ] [ PARAM ] array (
  'id' => '145',
)
[ info ] [ LANG ] D:\phpStudy\WWW\minishop/application/index\lang\zh-cn.php
[ info ] [ SESSION ] INIT array (
  'prefix' => 'minishop',
  'type' => '',
  'auto_start' => true,
)
[ info ] [ RUN ] Method [ <user> public method detail ] {
  @@ D:\phpStudy\WWW\minishop\application\index\controller\Goods.php 164 - 218
}

[ info ] [ VIEW ] ./themes/qintu/index/goods_detail.html [ array (
  0 => 'userinfo',
  1 => 'star_1',
  2 => 'star_2',
  3 => 'star_3',
  4 => 'star_4',
  5 => 'star_5',
  6 => 'data',
  7 => 'categoryInfo',
  8 => 'comment',
  9 => 'total_comment',
  10 => 'average',
  11 => 'page',
  12 => 'exchange_rate',
) ]
[ info ] [ DB ] INIT mysql
[ info ] [ LOG ] INIT file
[ sql ] [ DB ] CONNECT:[ UseTime:0.011001s ] mysql:dbname=minishop_db;host=127.0.0.1;port=3306;charset=utf8
[ sql ] [ SQL ] SHOW COLUMNS FROM `mini_key_value` [ RunTime:0.008000s ]
[ sql ] [ SQL ] SELECT `value` FROM `mini_key_value` WHERE  `collection` = 'indextheme' LIMIT 1    [ RunTime:0.002000s ]
[ sql ] [ SQL ] SELECT * FROM `mini_key_value` WHERE  `collection` = 'config.base'   [ RunTime:0.002000s ]
[ sql ] [ SQL ] SHOW COLUMNS FROM `mini_apiconfig` [ RunTime:0.008000s ]
[ sql ] [ SQL ] SELECT * FROM `mini_apiconfig`  [ RunTime:0.002000s ]
[ sql ] [ SQL ] SHOW COLUMNS FROM `mini_goods_cate` [ RunTime:0.007001s ]
[ sql ] [ SQL ] SELECT a.* FROM mini_goods_cate a LEFT JOIN mini_goods_cate_relationships b ON b.cate_id= a.id  WHERE  b.goods_id = '145' LIMIT 1   [ RunTime:0.002000s ]
[ sql ] [ SQL ] SHOW COLUMNS FROM `mini_goods` [ RunTime:0.007000s ]
[ sql ] [ SQL ] SELECT * FROM `mini_goods` WHERE  `id` = 145 LIMIT 1    [ RunTime:0.002000s ]
[ sql ] [ SQL ] SHOW COLUMNS FROM `mini_goods_comment` [ RunTime:0.007001s ]
[ sql ] [ SQL ] SELECT COUNT(*) AS tp_count FROM `mini_goods_comment` WHERE  `status` = 1  AND `goods_id` = 145 LIMIT 1     [ RunTime:0.002000s ]
[ sql ] [ SQL ] SELECT COUNT(*) AS tp_count FROM `mini_goods_comment` WHERE  `status` = 1  AND `goods_id` = 145 LIMIT 1     [ RunTime:0.002000s ]
[ sql ] [ SQL ] SELECT * FROM `mini_goods_comment` WHERE  `status` = 1  AND `goods_id` = 145 LIMIT 0,10     [ RunTime:0.003000s ]
[ sql ] [ SQL ] SELECT * FROM `mini_key_value` WHERE  `collection` = 'indextheme'  AND `uuid` = 'default' LIMIT 1     [ RunTime:0.002001s ]
[ sql ] [ DB ] CONNECT:[ UseTime:0.002000s ] mysql:dbname=minishop_db;host=127.0.0.1;port=3306;charset=utf8
[ sql ] [ SQL ] SHOW COLUMNS FROM `mini_navigation` [ RunTime:0.007000s ]
[ sql ] [ SQL ] SELECT `id`,`name`,`icon`,`pid`,`sort`,`url`,`hide` FROM `mini_navigation` WHERE  `hide` = 0 ORDER BY sort   [ RunTime:0.002001s ]
[ sql ] [ SQL ] SELECT * FROM `mini_goods_cate` WHERE  `id` = 25 LIMIT 1    [ RunTime:0.001000s ]
[ sql ] [ SQL ] SELECT * FROM `mini_navigation` WHERE  `name` = '轻旅行' LIMIT 1    [ RunTime:0.002000s ]
[ sql ] [ SQL ] SELECT * FROM `mini_goods_cate` WHERE  `slug` = 'qdz_tese_djty' LIMIT 1    [ RunTime:0.001000s ]
[ sql ] [ SQL ] SELECT * FROM `mini_goods_cate` WHERE  `slug` = 'qdz' LIMIT 1    [ RunTime:0.002000s ]
[ sql ] [ SQL ] SHOW COLUMNS FROM `mini_goods_cate_relationships` [ RunTime:0.007000s ]
[ sql ] [ SQL ] SELECT `goods_id` FROM `mini_goods_cate_relationships` WHERE  `cate_id` = 42   [ RunTime:0.002001s ]
[ sql ] [ SQL ] SELECT `goods_id` FROM `mini_goods_cate_relationships` WHERE  `cate_id` = 25   [ RunTime:0.002000s ]
[ sql ] [ SQL ] SELECT * FROM `mini_goods` WHERE  `id` <> 145  AND `status` = 1  AND `label_match_1` = '90016' ORDER BY rand() LIMIT 2      [ RunTime:0.006000s ]
[ sql ] [ SQL ] SELECT * FROM `mini_goods` WHERE  `share_child_id` = null  [ RunTime:0.003000s ]
[ sql ] [ SQL ] SELECT * FROM `mini_goods` WHERE  `share_master_id` = null LIMIT 1   [ RunTime:0.003001s ]
[ sql ] [ SQL ] SHOW COLUMNS FROM `mini_posts` [ RunTime:0.007000s ]
[ sql ] [ SQL ] SELECT * FROM `mini_posts` WHERE  `name` = 'post-cost' LIMIT 1    [ RunTime:0.002000s ]
[ sql ] [ SQL ] SELECT * FROM `mini_posts` WHERE  `name` = 'post-question' LIMIT 1    [ RunTime:0.002000s ]

---------------------------------------------------------------
[ 2017-06-03T20:33:52+08:00 ] ::1 ::1 GET /minishop/index.php/index/index/islogin.html
[ log ] localhost/minishop/index.php/index/index/islogin.html [运行时间：0.081005s][吞吐率：12.34req/s] [内存消耗：2,185.03kb] [文件加载：52]
[ info ] [ DB ] INIT mysql
[ info ] [ LANG ] D:\phpStudy\WWW\minishop\core\lang\zh-cn.php
[ info ] [ ROUTE ] array (
  'type' => 'module',
  'module' => 
  array (
    0 => 'index',
    1 => 'index',
    2 => 'islogin',
  ),
)
[ info ] [ HEADER ] array (
  'host' => 'localhost',
  'connection' => 'keep-alive',
  'accept' => '*/*',
  'x-requested-with' => 'XMLHttpRequest',
  'user-agent' => 'Mozilla/5.0 (Windows NT 6.1; WOW64) AppleWebKit/537.36 (KHTML, like Gecko) Chrome/45.0.2454.101 Safari/537.36',
  'referer' => 'http://localhost/minishop/index.php/index/goods/detail.html?id=145',
  'accept-encoding' => 'gzip, deflate, sdch',
  'accept-language' => 'zh-CN,zh;q=0.8',
  'cookie' => 'UM_distinctid=15abaf0eb5b105-0e4b7d36d-4349052c-100200-15abaf0eb5e1bd; CNZZDATA1256643218=1194298924-1489194384-%7C1489237927; think_var=zh-cn; PHPSESSID=3cetmn91uv4gor3dtb8350vfs0; __session:0.08625249308533967:=http:',
)
[ info ] [ PARAM ] array (
)
[ info ] [ LANG ] D:\phpStudy\WWW\minishop/application/index\lang\zh-cn.php
[ info ] [ SESSION ] INIT array (
  'prefix' => 'minishop',
  'type' => '',
  'auto_start' => true,
)
[ info ] [ RUN ] Method [ <user> public method isLogin ] {
  @@ D:\phpStudy\WWW\minishop\application\index\controller\Index.php 28 - 34
}

[ info ] [ LOG ] INIT file
[ sql ] [ DB ] CONNECT:[ UseTime:0.002000s ] mysql:dbname=minishop_db;host=127.0.0.1;port=3306;charset=utf8
[ sql ] [ SQL ] SHOW COLUMNS FROM `mini_key_value` [ RunTime:0.009001s ]
[ sql ] [ SQL ] SELECT `value` FROM `mini_key_value` WHERE  `collection` = 'indextheme' LIMIT 1    [ RunTime:0.002000s ]
[ sql ] [ SQL ] SELECT * FROM `mini_key_value` WHERE  `collection` = 'config.base'   [ RunTime:0.002000s ]
[ sql ] [ SQL ] SHOW COLUMNS FROM `mini_apiconfig` [ RunTime:0.008001s ]
[ sql ] [ SQL ] SELECT * FROM `mini_apiconfig`  [ RunTime:0.001000s ]

---------------------------------------------------------------
[ 2017-06-03T20:33:52+08:00 ] ::1 ::1 GET /minishop/index.php/index/order/getordersnoaddnum.html
[ log ] localhost/minishop/index.php/index/order/getordersnoaddnum.html [运行时间：0.086005s][吞吐率：11.63req/s] [内存消耗：2,142.98kb] [文件加载：52]
[ info ] [ DB ] INIT mysql
[ info ] [ LANG ] D:\phpStudy\WWW\minishop\core\lang\zh-cn.php
[ info ] [ ROUTE ] array (
  'type' => 'module',
  'module' => 
  array (
    0 => 'index',
    1 => 'order',
    2 => 'getordersnoaddnum',
  ),
)
[ info ] [ HEADER ] array (
  'host' => 'localhost',
  'connection' => 'keep-alive',
  'accept' => '*/*',
  'x-requested-with' => 'XMLHttpRequest',
  'user-agent' => 'Mozilla/5.0 (Windows NT 6.1; WOW64) AppleWebKit/537.36 (KHTML, like Gecko) Chrome/45.0.2454.101 Safari/537.36',
  'referer' => 'http://localhost/minishop/index.php/index/goods/detail.html?id=145',
  'accept-encoding' => 'gzip, deflate, sdch',
  'accept-language' => 'zh-CN,zh;q=0.8',
  'cookie' => 'UM_distinctid=15abaf0eb5b105-0e4b7d36d-4349052c-100200-15abaf0eb5e1bd; CNZZDATA1256643218=1194298924-1489194384-%7C1489237927; think_var=zh-cn; PHPSESSID=3cetmn91uv4gor3dtb8350vfs0; __session:0.08625249308533967:=http:',
)
[ info ] [ PARAM ] array (
)
[ info ] [ LANG ] D:\phpStudy\WWW\minishop/application/index\lang\zh-cn.php
[ info ] [ SESSION ] INIT array (
  'prefix' => 'minishop',
  'type' => '',
  'auto_start' => true,
)
[ info ] [ RUN ] Method [ <user> public method getOrdersNoAddNum ] {
  @@ D:\phpStudy\WWW\minishop\application\index\controller\Order.php 200 - 211
}

[ info ] [ LOG ] INIT file
[ sql ] [ DB ] CONNECT:[ UseTime:0.002000s ] mysql:dbname=minishop_db;host=127.0.0.1;port=3306;charset=utf8
[ sql ] [ SQL ] SHOW COLUMNS FROM `mini_key_value` [ RunTime:0.007001s ]
[ sql ] [ SQL ] SELECT `value` FROM `mini_key_value` WHERE  `collection` = 'indextheme' LIMIT 1    [ RunTime:0.001000s ]
[ sql ] [ SQL ] SELECT * FROM `mini_key_value` WHERE  `collection` = 'config.base'   [ RunTime:0.002000s ]
[ sql ] [ SQL ] SHOW COLUMNS FROM `mini_apiconfig` [ RunTime:0.007000s ]
[ sql ] [ SQL ] SELECT * FROM `mini_apiconfig`  [ RunTime:0.002000s ]
[ sql ] [ SQL ] SHOW COLUMNS FROM `mini_cart` [ RunTime:0.007001s ]
[ sql ] [ SQL ] SELECT * FROM `mini_cart` WHERE  `status` = 1  AND `uid` = 46 ORDER BY createtime desc    [ RunTime:0.002000s ]

---------------------------------------------------------------
[ 2017-06-03T20:33:53+08:00 ] ::1 ::1 GET /minishop/index.php/index/index/islogin.html
[ log ] localhost/minishop/index.php/index/index/islogin.html [运行时间：0.090005s][吞吐率：11.11req/s] [内存消耗：2,185.03kb] [文件加载：52]
[ info ] [ DB ] INIT mysql
[ info ] [ LANG ] D:\phpStudy\WWW\minishop\core\lang\zh-cn.php
[ info ] [ ROUTE ] array (
  'type' => 'module',
  'module' => 
  array (
    0 => 'index',
    1 => 'index',
    2 => 'islogin',
  ),
)
[ info ] [ HEADER ] array (
  'host' => 'localhost',
  'connection' => 'keep-alive',
  'accept' => '*/*',
  'x-requested-with' => 'XMLHttpRequest',
  'user-agent' => 'Mozilla/5.0 (Windows NT 6.1; WOW64) AppleWebKit/537.36 (KHTML, like Gecko) Chrome/45.0.2454.101 Safari/537.36',
  'referer' => 'http://localhost/minishop/index.php/index/goods/detail.html?id=145',
  'accept-encoding' => 'gzip, deflate, sdch',
  'accept-language' => 'zh-CN,zh;q=0.8',
  'cookie' => 'UM_distinctid=15abaf0eb5b105-0e4b7d36d-4349052c-100200-15abaf0eb5e1bd; CNZZDATA1256643218=1194298924-1489194384-%7C1489237927; think_var=zh-cn; PHPSESSID=3cetmn91uv4gor3dtb8350vfs0; __session:0.08625249308533967:=http:',
)
[ info ] [ PARAM ] array (
)
[ info ] [ LANG ] D:\phpStudy\WWW\minishop/application/index\lang\zh-cn.php
[ info ] [ SESSION ] INIT array (
  'prefix' => 'minishop',
  'type' => '',
  'auto_start' => true,
)
[ info ] [ RUN ] Method [ <user> public method isLogin ] {
  @@ D:\phpStudy\WWW\minishop\application\index\controller\Index.php 28 - 34
}

[ info ] [ LOG ] INIT file
[ sql ] [ DB ] CONNECT:[ UseTime:0.003000s ] mysql:dbname=minishop_db;host=127.0.0.1;port=3306;charset=utf8
[ sql ] [ SQL ] SHOW COLUMNS FROM `mini_key_value` [ RunTime:0.007000s ]
[ sql ] [ SQL ] SELECT `value` FROM `mini_key_value` WHERE  `collection` = 'indextheme' LIMIT 1    [ RunTime:0.001001s ]
[ sql ] [ SQL ] SELECT * FROM `mini_key_value` WHERE  `collection` = 'config.base'   [ RunTime:0.002000s ]
[ sql ] [ SQL ] SHOW COLUMNS FROM `mini_apiconfig` [ RunTime:0.007000s ]
[ sql ] [ SQL ] SELECT * FROM `mini_apiconfig`  [ RunTime:0.002000s ]

---------------------------------------------------------------
[ 2017-06-03T20:33:53+08:00 ] ::1 ::1 POST /minishop/index.php/index/cart/addxyd.html
[ log ] localhost/minishop/index.php/index/cart/addxyd.html [运行时间：0.089005s][吞吐率：11.24req/s] [内存消耗：2,192.13kb] [文件加载：53]
[ info ] [ DB ] INIT mysql
[ info ] [ LANG ] D:\phpStudy\WWW\minishop\core\lang\zh-cn.php
[ info ] [ ROUTE ] array (
  'type' => 'module',
  'module' => 
  array (
    0 => 'index',
    1 => 'cart',
    2 => 'addxyd',
  ),
)
[ info ] [ HEADER ] array (
  'host' => 'localhost',
  'connection' => 'keep-alive',
  'accept' => '*/*',
  'origin' => 'http://localhost',
  'x-requested-with' => 'XMLHttpRequest',
  'user-agent' => 'Mozilla/5.0 (Windows NT 6.1; WOW64) AppleWebKit/537.36 (KHTML, like Gecko) Chrome/45.0.2454.101 Safari/537.36',
  'referer' => 'http://localhost/minishop/index.php/index/goods/detail.html?id=145',
  'accept-encoding' => 'gzip, deflate',
  'accept-language' => 'zh-CN,zh;q=0.8',
  'cookie' => 'UM_distinctid=15abaf0eb5b105-0e4b7d36d-4349052c-100200-15abaf0eb5e1bd; CNZZDATA1256643218=1194298924-1489194384-%7C1489237927; think_var=zh-cn; PHPSESSID=3cetmn91uv4gor3dtb8350vfs0; __session:0.08625249308533967:=http:',
  'content-type' => 'application/x-www-form-urlencoded; charset=UTF-8',
  'content-length' => '170',
)
[ info ] [ PARAM ] array (
  'departure_time' => '1497312000',
  'man_num' => '1',
  'child_num' => '0',
  'name' => '特色体验 | 屋久岛潜水体验',
  'goods_id' => '145',
)
[ info ] [ LANG ] D:\phpStudy\WWW\minishop/application/index\lang\zh-cn.php
[ info ] [ SESSION ] INIT array (
  'prefix' => 'minishop',
  'type' => '',
  'auto_start' => true,
)
[ info ] [ RUN ] Method [ <user> public method addXyd ] {
  @@ D:\phpStudy\WWW\minishop\application\index\controller\Cart.php 284 - 297
}

[ info ] [ LOG ] INIT file
[ sql ] [ DB ] CONNECT:[ UseTime:0.002000s ] mysql:dbname=minishop_db;host=127.0.0.1;port=3306;charset=utf8
[ sql ] [ SQL ] SHOW COLUMNS FROM `mini_key_value` [ RunTime:0.007001s ]
[ sql ] [ SQL ] SELECT `value` FROM `mini_key_value` WHERE  `collection` = 'indextheme' LIMIT 1    [ RunTime:0.002000s ]
[ sql ] [ SQL ] SELECT * FROM `mini_key_value` WHERE  `collection` = 'config.base'   [ RunTime:0.002000s ]
[ sql ] [ SQL ] SHOW COLUMNS FROM `mini_apiconfig` [ RunTime:0.007001s ]
[ sql ] [ SQL ] SELECT * FROM `mini_apiconfig`  [ RunTime:0.002000s ]
[ sql ] [ SQL ] SHOW COLUMNS FROM `mini_cart` [ RunTime:0.007000s ]
[ sql ] [ SQL ] INSERT INTO `mini_cart` (`goods_id` , `uid` , `num` , `createtime` , `departure_time` , `man_num` , `child_num`) VALUES (145 , 46 , 1 , 1496493233 , 1497312000 , 1 , 0)         [ RunTime:0.007001s ]
[ sql ] [ SQL ] SELECT * FROM `mini_cart` WHERE  `goods_id` = 145  AND `status` = 1 LIMIT 1     [ RunTime:0.002000s ]

---------------------------------------------------------------
[ 2017-06-03T20:33:53+08:00 ] ::1 ::1 GET /minishop/index.php/index/index/islogin.html
[ log ] localhost/minishop/index.php/index/index/islogin.html [运行时间：0.081005s][吞吐率：12.34req/s] [内存消耗：2,185.03kb] [文件加载：52]
[ info ] [ DB ] INIT mysql
[ info ] [ LANG ] D:\phpStudy\WWW\minishop\core\lang\zh-cn.php
[ info ] [ ROUTE ] array (
  'type' => 'module',
  'module' => 
  array (
    0 => 'index',
    1 => 'index',
    2 => 'islogin',
  ),
)
[ info ] [ HEADER ] array (
  'host' => 'localhost',
  'connection' => 'keep-alive',
  'accept' => '*/*',
  'x-requested-with' => 'XMLHttpRequest',
  'user-agent' => 'Mozilla/5.0 (Windows NT 6.1; WOW64) AppleWebKit/537.36 (KHTML, like Gecko) Chrome/45.0.2454.101 Safari/537.36',
  'referer' => 'http://localhost/minishop/index.php/index/goods/detail.html?id=145',
  'accept-encoding' => 'gzip, deflate, sdch',
  'accept-language' => 'zh-CN,zh;q=0.8',
  'cookie' => 'UM_distinctid=15abaf0eb5b105-0e4b7d36d-4349052c-100200-15abaf0eb5e1bd; CNZZDATA1256643218=1194298924-1489194384-%7C1489237927; think_var=zh-cn; PHPSESSID=3cetmn91uv4gor3dtb8350vfs0; __session:0.08625249308533967:=http:',
)
[ info ] [ PARAM ] array (
)
[ info ] [ LANG ] D:\phpStudy\WWW\minishop/application/index\lang\zh-cn.php
[ info ] [ SESSION ] INIT array (
  'prefix' => 'minishop',
  'type' => '',
  'auto_start' => true,
)
[ info ] [ RUN ] Method [ <user> public method isLogin ] {
  @@ D:\phpStudy\WWW\minishop\application\index\controller\Index.php 28 - 34
}

[ info ] [ LOG ] INIT file
[ sql ] [ DB ] CONNECT:[ UseTime:0.002000s ] mysql:dbname=minishop_db;host=127.0.0.1;port=3306;charset=utf8
[ sql ] [ SQL ] SHOW COLUMNS FROM `mini_key_value` [ RunTime:0.007001s ]
[ sql ] [ SQL ] SELECT `value` FROM `mini_key_value` WHERE  `collection` = 'indextheme' LIMIT 1    [ RunTime:0.002000s ]
[ sql ] [ SQL ] SELECT * FROM `mini_key_value` WHERE  `collection` = 'config.base'   [ RunTime:0.003000s ]
[ sql ] [ SQL ] SHOW COLUMNS FROM `mini_apiconfig` [ RunTime:0.011001s ]
[ sql ] [ SQL ] SELECT * FROM `mini_apiconfig`  [ RunTime:0.002000s ]

---------------------------------------------------------------
[ 2017-06-03T20:33:54+08:00 ] ::1 ::1 GET /minishop/index.php/index/order/getordersnoaddnum.html
[ log ] localhost/minishop/index.php/index/order/getordersnoaddnum.html [运行时间：0.098005s][吞吐率：10.20req/s] [内存消耗：2,143.29kb] [文件加载：52]
[ info ] [ DB ] INIT mysql
[ info ] [ LANG ] D:\phpStudy\WWW\minishop\core\lang\zh-cn.php
[ info ] [ ROUTE ] array (
  'type' => 'module',
  'module' => 
  array (
    0 => 'index',
    1 => 'order',
    2 => 'getordersnoaddnum',
  ),
)
[ info ] [ HEADER ] array (
  'host' => 'localhost',
  'connection' => 'keep-alive',
  'accept' => '*/*',
  'x-requested-with' => 'XMLHttpRequest',
  'user-agent' => 'Mozilla/5.0 (Windows NT 6.1; WOW64) AppleWebKit/537.36 (KHTML, like Gecko) Chrome/45.0.2454.101 Safari/537.36',
  'referer' => 'http://localhost/minishop/index.php/index/goods/detail.html?id=145',
  'accept-encoding' => 'gzip, deflate, sdch',
  'accept-language' => 'zh-CN,zh;q=0.8',
  'cookie' => 'UM_distinctid=15abaf0eb5b105-0e4b7d36d-4349052c-100200-15abaf0eb5e1bd; CNZZDATA1256643218=1194298924-1489194384-%7C1489237927; think_var=zh-cn; PHPSESSID=3cetmn91uv4gor3dtb8350vfs0; __session:0.08625249308533967:=http:',
)
[ info ] [ PARAM ] array (
)
[ info ] [ LANG ] D:\phpStudy\WWW\minishop/application/index\lang\zh-cn.php
[ info ] [ SESSION ] INIT array (
  'prefix' => 'minishop',
  'type' => '',
  'auto_start' => true,
)
[ info ] [ RUN ] Method [ <user> public method getOrdersNoAddNum ] {
  @@ D:\phpStudy\WWW\minishop\application\index\controller\Order.php 200 - 211
}

[ info ] [ LOG ] INIT file
[ sql ] [ DB ] CONNECT:[ UseTime:0.006001s ] mysql:dbname=minishop_db;host=127.0.0.1;port=3306;charset=utf8
[ sql ] [ SQL ] SHOW COLUMNS FROM `mini_key_value` [ RunTime:0.007000s ]
[ sql ] [ SQL ] SELECT `value` FROM `mini_key_value` WHERE  `collection` = 'indextheme' LIMIT 1    [ RunTime:0.002000s ]
[ sql ] [ SQL ] SELECT * FROM `mini_key_value` WHERE  `collection` = 'config.base'   [ RunTime:0.002000s ]
[ sql ] [ SQL ] SHOW COLUMNS FROM `mini_apiconfig` [ RunTime:0.007000s ]
[ sql ] [ SQL ] SELECT * FROM `mini_apiconfig`  [ RunTime:0.005000s ]
[ sql ] [ SQL ] SHOW COLUMNS FROM `mini_cart` [ RunTime:0.008001s ]
[ sql ] [ SQL ] SELECT * FROM `mini_cart` WHERE  `status` = 1  AND `uid` = 46 ORDER BY createtime desc    [ RunTime:0.002000s ]

---------------------------------------------------------------
[ 2017-06-03T20:34:47+08:00 ] ::1 ::1 GET /minishop/index.php/index/index/islogin.html
[ log ] localhost/minishop/index.php/index/index/islogin.html [运行时间：0.082005s][吞吐率：12.19req/s] [内存消耗：2,185.03kb] [文件加载：52]
[ info ] [ DB ] INIT mysql
[ info ] [ LANG ] D:\phpStudy\WWW\minishop\core\lang\zh-cn.php
[ info ] [ ROUTE ] array (
  'type' => 'module',
  'module' => 
  array (
    0 => 'index',
    1 => 'index',
    2 => 'islogin',
  ),
)
[ info ] [ HEADER ] array (
  'host' => 'localhost',
  'connection' => 'keep-alive',
  'accept' => '*/*',
  'x-requested-with' => 'XMLHttpRequest',
  'user-agent' => 'Mozilla/5.0 (Windows NT 6.1; WOW64) AppleWebKit/537.36 (KHTML, like Gecko) Chrome/45.0.2454.101 Safari/537.36',
  'referer' => 'http://localhost/minishop/index.php/index/goods/detail.html?id=145',
  'accept-encoding' => 'gzip, deflate, sdch',
  'accept-language' => 'zh-CN,zh;q=0.8',
  'cookie' => 'UM_distinctid=15abaf0eb5b105-0e4b7d36d-4349052c-100200-15abaf0eb5e1bd; CNZZDATA1256643218=1194298924-1489194384-%7C1489237927; think_var=zh-cn; PHPSESSID=3cetmn91uv4gor3dtb8350vfs0; __session:0.08625249308533967:=http:',
)
[ info ] [ PARAM ] array (
)
[ info ] [ LANG ] D:\phpStudy\WWW\minishop/application/index\lang\zh-cn.php
[ info ] [ SESSION ] INIT array (
  'prefix' => 'minishop',
  'type' => '',
  'auto_start' => true,
)
[ info ] [ RUN ] Method [ <user> public method isLogin ] {
  @@ D:\phpStudy\WWW\minishop\application\index\controller\Index.php 28 - 34
}

[ info ] [ LOG ] INIT file
[ sql ] [ DB ] CONNECT:[ UseTime:0.003000s ] mysql:dbname=minishop_db;host=127.0.0.1;port=3306;charset=utf8
[ sql ] [ SQL ] SHOW COLUMNS FROM `mini_key_value` [ RunTime:0.007001s ]
[ sql ] [ SQL ] SELECT `value` FROM `mini_key_value` WHERE  `collection` = 'indextheme' LIMIT 1    [ RunTime:0.001000s ]
[ sql ] [ SQL ] SELECT * FROM `mini_key_value` WHERE  `collection` = 'config.base'   [ RunTime:0.003000s ]
[ sql ] [ SQL ] SHOW COLUMNS FROM `mini_apiconfig` [ RunTime:0.009001s ]
[ sql ] [ SQL ] SELECT * FROM `mini_apiconfig`  [ RunTime:0.002000s ]

---------------------------------------------------------------
[ 2017-06-03T20:34:48+08:00 ] ::1 ::1 POST /minishop/index.php/index/cart/addxyd.html
[ log ] localhost/minishop/index.php/index/cart/addxyd.html [运行时间：0.096006s][吞吐率：10.42req/s] [内存消耗：2,192.13kb] [文件加载：53]
[ info ] [ DB ] INIT mysql
[ info ] [ LANG ] D:\phpStudy\WWW\minishop\core\lang\zh-cn.php
[ info ] [ ROUTE ] array (
  'type' => 'module',
  'module' => 
  array (
    0 => 'index',
    1 => 'cart',
    2 => 'addxyd',
  ),
)
[ info ] [ HEADER ] array (
  'host' => 'localhost',
  'connection' => 'keep-alive',
  'accept' => '*/*',
  'origin' => 'http://localhost',
  'x-requested-with' => 'XMLHttpRequest',
  'user-agent' => 'Mozilla/5.0 (Windows NT 6.1; WOW64) AppleWebKit/537.36 (KHTML, like Gecko) Chrome/45.0.2454.101 Safari/537.36',
  'referer' => 'http://localhost/minishop/index.php/index/goods/detail.html?id=145',
  'accept-encoding' => 'gzip, deflate',
  'accept-language' => 'zh-CN,zh;q=0.8',
  'cookie' => 'UM_distinctid=15abaf0eb5b105-0e4b7d36d-4349052c-100200-15abaf0eb5e1bd; CNZZDATA1256643218=1194298924-1489194384-%7C1489237927; think_var=zh-cn; PHPSESSID=3cetmn91uv4gor3dtb8350vfs0; __session:0.08625249308533967:=http:',
  'content-type' => 'application/x-www-form-urlencoded; charset=UTF-8',
  'content-length' => '170',
)
[ info ] [ PARAM ] array (
  'departure_time' => '1497312000',
  'man_num' => '1',
  'child_num' => '0',
  'name' => '特色体验 | 屋久岛潜水体验',
  'goods_id' => '145',
)
[ info ] [ LANG ] D:\phpStudy\WWW\minishop/application/index\lang\zh-cn.php
[ info ] [ SESSION ] INIT array (
  'prefix' => 'minishop',
  'type' => '',
  'auto_start' => true,
)
[ info ] [ RUN ] Method [ <user> public method addXyd ] {
  @@ D:\phpStudy\WWW\minishop\application\index\controller\Cart.php 284 - 297
}

[ info ] [ LOG ] INIT file
[ sql ] [ DB ] CONNECT:[ UseTime:0.011000s ] mysql:dbname=minishop_db;host=127.0.0.1;port=3306;charset=utf8
[ sql ] [ SQL ] SHOW COLUMNS FROM `mini_key_value` [ RunTime:0.008001s ]
[ sql ] [ SQL ] SELECT `value` FROM `mini_key_value` WHERE  `collection` = 'indextheme' LIMIT 1    [ RunTime:0.002000s ]
[ sql ] [ SQL ] SELECT * FROM `mini_key_value` WHERE  `collection` = 'config.base'   [ RunTime:0.003000s ]
[ sql ] [ SQL ] SHOW COLUMNS FROM `mini_apiconfig` [ RunTime:0.007001s ]
[ sql ] [ SQL ] SELECT * FROM `mini_apiconfig`  [ RunTime:0.002000s ]
[ sql ] [ SQL ] SHOW COLUMNS FROM `mini_cart` [ RunTime:0.007000s ]
[ sql ] [ SQL ] INSERT INTO `mini_cart` (`goods_id` , `uid` , `num` , `createtime` , `departure_time` , `man_num` , `child_num`) VALUES (145 , 46 , 1 , 1496493288 , 1497312000 , 1 , 0)         [ RunTime:0.005000s ]
[ sql ] [ SQL ] SELECT * FROM `mini_cart` WHERE  `goods_id` = 145  AND `status` = 1 LIMIT 1     [ RunTime:0.003001s ]

---------------------------------------------------------------
[ 2017-06-03T20:34:48+08:00 ] ::1 ::1 GET /minishop/index.php/index/index/islogin.html
[ log ] localhost/minishop/index.php/index/index/islogin.html [运行时间：0.079005s][吞吐率：12.66req/s] [内存消耗：2,185.03kb] [文件加载：52]
[ info ] [ DB ] INIT mysql
[ info ] [ LANG ] D:\phpStudy\WWW\minishop\core\lang\zh-cn.php
[ info ] [ ROUTE ] array (
  'type' => 'module',
  'module' => 
  array (
    0 => 'index',
    1 => 'index',
    2 => 'islogin',
  ),
)
[ info ] [ HEADER ] array (
  'host' => 'localhost',
  'connection' => 'keep-alive',
  'accept' => '*/*',
  'x-requested-with' => 'XMLHttpRequest',
  'user-agent' => 'Mozilla/5.0 (Windows NT 6.1; WOW64) AppleWebKit/537.36 (KHTML, like Gecko) Chrome/45.0.2454.101 Safari/537.36',
  'referer' => 'http://localhost/minishop/index.php/index/goods/detail.html?id=145',
  'accept-encoding' => 'gzip, deflate, sdch',
  'accept-language' => 'zh-CN,zh;q=0.8',
  'cookie' => 'UM_distinctid=15abaf0eb5b105-0e4b7d36d-4349052c-100200-15abaf0eb5e1bd; CNZZDATA1256643218=1194298924-1489194384-%7C1489237927; think_var=zh-cn; PHPSESSID=3cetmn91uv4gor3dtb8350vfs0; __session:0.08625249308533967:=http:',
)
[ info ] [ PARAM ] array (
)
[ info ] [ LANG ] D:\phpStudy\WWW\minishop/application/index\lang\zh-cn.php
[ info ] [ SESSION ] INIT array (
  'prefix' => 'minishop',
  'type' => '',
  'auto_start' => true,
)
[ info ] [ RUN ] Method [ <user> public method isLogin ] {
  @@ D:\phpStudy\WWW\minishop\application\index\controller\Index.php 28 - 34
}

[ info ] [ LOG ] INIT file
[ sql ] [ DB ] CONNECT:[ UseTime:0.002000s ] mysql:dbname=minishop_db;host=127.0.0.1;port=3306;charset=utf8
[ sql ] [ SQL ] SHOW COLUMNS FROM `mini_key_value` [ RunTime:0.007000s ]
[ sql ] [ SQL ] SELECT `value` FROM `mini_key_value` WHERE  `collection` = 'indextheme' LIMIT 1    [ RunTime:0.002001s ]
[ sql ] [ SQL ] SELECT * FROM `mini_key_value` WHERE  `collection` = 'config.base'   [ RunTime:0.002000s ]
[ sql ] [ SQL ] SHOW COLUMNS FROM `mini_apiconfig` [ RunTime:0.010001s ]
[ sql ] [ SQL ] SELECT * FROM `mini_apiconfig`  [ RunTime:0.002000s ]

---------------------------------------------------------------
[ 2017-06-03T20:34:48+08:00 ] ::1 ::1 GET /minishop/index.php/index/order/getordersnoaddnum.html
[ log ] localhost/minishop/index.php/index/order/getordersnoaddnum.html [运行时间：0.103006s][吞吐率：9.71req/s] [内存消耗：2,143.60kb] [文件加载：52]
[ info ] [ DB ] INIT mysql
[ info ] [ LANG ] D:\phpStudy\WWW\minishop\core\lang\zh-cn.php
[ info ] [ ROUTE ] array (
  'type' => 'module',
  'module' => 
  array (
    0 => 'index',
    1 => 'order',
    2 => 'getordersnoaddnum',
  ),
)
[ info ] [ HEADER ] array (
  'host' => 'localhost',
  'connection' => 'keep-alive',
  'accept' => '*/*',
  'x-requested-with' => 'XMLHttpRequest',
  'user-agent' => 'Mozilla/5.0 (Windows NT 6.1; WOW64) AppleWebKit/537.36 (KHTML, like Gecko) Chrome/45.0.2454.101 Safari/537.36',
  'referer' => 'http://localhost/minishop/index.php/index/goods/detail.html?id=145',
  'accept-encoding' => 'gzip, deflate, sdch',
  'accept-language' => 'zh-CN,zh;q=0.8',
  'cookie' => 'UM_distinctid=15abaf0eb5b105-0e4b7d36d-4349052c-100200-15abaf0eb5e1bd; CNZZDATA1256643218=1194298924-1489194384-%7C1489237927; think_var=zh-cn; PHPSESSID=3cetmn91uv4gor3dtb8350vfs0; __session:0.08625249308533967:=http:',
)
[ info ] [ PARAM ] array (
)
[ info ] [ LANG ] D:\phpStudy\WWW\minishop/application/index\lang\zh-cn.php
[ info ] [ SESSION ] INIT array (
  'prefix' => 'minishop',
  'type' => '',
  'auto_start' => true,
)
[ info ] [ RUN ] Method [ <user> public method getOrdersNoAddNum ] {
  @@ D:\phpStudy\WWW\minishop\application\index\controller\Order.php 200 - 211
}

[ info ] [ LOG ] INIT file
[ sql ] [ DB ] CONNECT:[ UseTime:0.012001s ] mysql:dbname=minishop_db;host=127.0.0.1;port=3306;charset=utf8
[ sql ] [ SQL ] SHOW COLUMNS FROM `mini_key_value` [ RunTime:0.008000s ]
[ sql ] [ SQL ] SELECT `value` FROM `mini_key_value` WHERE  `collection` = 'indextheme' LIMIT 1    [ RunTime:0.002000s ]
[ sql ] [ SQL ] SELECT * FROM `mini_key_value` WHERE  `collection` = 'config.base'   [ RunTime:0.002000s ]
[ sql ] [ SQL ] SHOW COLUMNS FROM `mini_apiconfig` [ RunTime:0.011001s ]
[ sql ] [ SQL ] SELECT * FROM `mini_apiconfig`  [ RunTime:0.001000s ]
[ sql ] [ SQL ] SHOW COLUMNS FROM `mini_cart` [ RunTime:0.010001s ]
[ sql ] [ SQL ] SELECT * FROM `mini_cart` WHERE  `status` = 1  AND `uid` = 46 ORDER BY createtime desc    [ RunTime:0.002000s ]

---------------------------------------------------------------
