[ 2017-06-28T16:09:02+08:00 ] ::1 ::1 GET /minishop/jht
[ log ] localhost/minishop/jht [运行时间：0.160009s][吞吐率：6.25req/s] [内存消耗：1,746.12kb] [文件加载：41]
[ info ] [ DB ] INIT mysql
[ info ] [ LANG ] D:\phpStudy\WWW\minishop\core\lang\zh-cn.php
[ info ] [ ROUTE ] array (
  'type' => 'module',
  'module' => 
  array (
    0 => 'jht',
    1 => NULL,
    2 => NULL,
  ),
)
[ info ] [ HEADER ] array (
  'host' => 'localhost',
  'connection' => 'keep-alive',
  'accept' => 'text/html,application/xhtml+xml,application/xml;q=0.9,image/webp,*/*;q=0.8',
  'upgrade-insecure-requests' => '1',
  'user-agent' => 'Mozilla/5.0 (Windows NT 6.1; WOW64) AppleWebKit/537.36 (KHTML, like Gecko) Chrome/45.0.2454.101 Safari/537.36',
  'accept-encoding' => 'gzip, deflate, sdch',
  'accept-language' => 'zh-CN,zh;q=0.8',
  'cookie' => 'UM_distinctid=15abaf0eb5b105-0e4b7d36d-4349052c-100200-15abaf0eb5e1bd; CNZZDATA1256643218=1194298924-1489194384-%7C1489237927; PHPSESSID=laqd1vogt88jgisc9qc6se4mv4; Qhlb1m_admin_username=admin; refersh_time=0; refersh_time_admin_menu_index=0; Qhlb1m_think_language=zh-CN; ClPyke_think_language=zh-CN',
)
[ info ] [ PARAM ] array (
)
[ info ] [ LOG ] INIT file
[ sql ] [ DB ] CONNECT:[ UseTime:0.001000s ] mysql:dbname=minishop_db;host=127.0.0.1;port=3306;charset=utf8
[ sql ] [ SQL ] SHOW COLUMNS FROM `mini_key_value` [ RunTime:0.029001s ]
[ sql ] [ SQL ] SELECT `value` FROM `mini_key_value` WHERE  `collection` = 'indextheme' LIMIT 1    [ RunTime:0.002000s ]

---------------------------------------------------------------
