[ 2017-05-15T15:06:25+08:00 ] ::1 ::1 GET /minishop/
[ log ] localhost/minishop/ [è¿è¡Œæ—¶é—´ï¼š3.135180s][åžåçŽ‡ï¼š0.32req/s] [å†…å­˜æ¶ˆè€—ï¼š1,093.33kb] [æ–‡ä»¶åŠ è½½ï¼š34]
[ info ] [ DB ] INIT mysql
[ info ] [ LOG ] INIT file
[ error ] [2002]SQLSTATE[HY000] [2002] ÓÉÓÚÄ¿±ê¼ÆËã»ú»ý¼«¾Ü¾ø£¬ÎÞ·¨Á¬½Ó¡£
[D:\phpStudy\WWW\minishop\core\library\think\db\Connection.php:277]

---------------------------------------------------------------
[ 2017-05-15T15:06:37+08:00 ] ::1 ::1 GET /minishop/
[ log ] localhost/minishop/ [è¿è¡Œæ—¶é—´ï¼š3.915224s][åžåçŽ‡ï¼š0.26req/s] [å†…å­˜æ¶ˆè€—ï¼š1,946.22kb] [æ–‡ä»¶åŠ è½½ï¼š53]
[ info ] [ DB ] INIT mysql
[ info ] [ LANG ] D:\phpStudy\WWW\minishop\core\lang\zh-cn.php
[ info ] [ ROUTE ] array (
  'type' => 'module',
  'module' => 
  array (
    0 => '',
    1 => NULL,
    2 => NULL,
  ),
)
[ info ] [ HEADER ] array (
  'cookie' => 'UM_distinctid=15ad05675e717e-0a5b2dc01-4349052c-1fa400-15ad05675e82bc; CNZZDATA1256643218=1460845150-1487562962-%7C1491459501; admin_username=admin',
  'accept-language' => 'zh-CN,zh;q=0.8',
  'accept-encoding' => 'gzip, deflate, sdch',
  'user-agent' => 'Mozilla/5.0 (Windows NT 6.1; WOW64) AppleWebKit/537.36 (KHTML, like Gecko) Chrome/45.0.2454.101 Safari/537.36',
  'upgrade-insecure-requests' => '1',
  'accept' => 'text/html,application/xhtml+xml,application/xml;q=0.9,image/webp,*/*;q=0.8',
  'cache-control' => 'max-age=0',
  'connection' => 'close',
  'host' => 'localhost',
)
[ info ] [ PARAM ] array (
)
[ info ] [ LANG ] D:\phpStudy\WWW\minishop/application/index\lang\zh-cn.php
[ info ] [ SESSION ] INIT array (
  'prefix' => 'minishop',
  'type' => '',
  'auto_start' => true,
)
[ info ] [ RUN ] Method [ <user> public method index ] {
  @@ D:\phpStudy\WWW\minishop\application\index\controller\Index.php 22 - 26
}

[ info ] [ VIEW ] ./themes/qintu/index/index.html [ array (
  0 => 'userinfo',
) ]
[ info ] [ DB ] INIT mysql
[ info ] [ DB ] INIT mysql
[ info ] [ DB ] INIT mysql
[ info ] [ LOG ] INIT file
[ sql ] [ DB ] CONNECT:[ UseTime:0.016001s ] mysql:dbname=minishop_db;host=127.0.0.1;port=3306;charset=utf8
[ sql ] [ SQL ] SHOW COLUMNS FROM `mini_key_value` [ RunTime:0.215012s ]
[ sql ] [ SQL ] SELECT `value` FROM `mini_key_value` WHERE  `collection` = 'indextheme' LIMIT 1    [ RunTime:0.020001s ]
[ sql ] [ SQL ] SELECT * FROM `mini_key_value` WHERE  `collection` = 'config.base'   [ RunTime:0.001000s ]
[ sql ] [ SQL ] SHOW COLUMNS FROM `mini_apiconfig` [ RunTime:0.108006s ]
[ sql ] [ SQL ] SELECT * FROM `mini_apiconfig`  [ RunTime:0.000000s ]
[ sql ] [ SQL ] SELECT * FROM `mini_key_value` WHERE  `collection` = 'indextheme'  AND `uuid` = 'default' LIMIT 1     [ RunTime:0.001000s ]
[ sql ] [ DB ] CONNECT:[ UseTime:0.010001s ] mysql:dbname=minishop_db;host=127.0.0.1;port=3306;charset=utf8
[ sql ] [ SQL ] SHOW COLUMNS FROM `mini_navigation` [ RunTime:0.223013s ]
[ sql ] [ SQL ] SELECT `id`,`name`,`icon`,`pid`,`sort`,`url`,`hide` FROM `mini_navigation` WHERE  `hide` = 0 ORDER BY sort   [ RunTime:0.001000s ]
[ sql ] [ DB ] CONNECT:[ UseTime:0.010000s ] mysql:dbname=minishop_db;host=127.0.0.1;port=3306;charset=utf8
[ sql ] [ SQL ] SHOW COLUMNS FROM `mini_banner` [ RunTime:0.553032s ]
[ sql ] [ SQL ] SELECT * FROM mini_banner a LEFT JOIN mini_banner_position b ON b.id= a.position  WHERE  a.status = 1  AND a.position = 1 ORDER BY a.createtime  [ RunTime:0.195011s ]
[ sql ] [ DB ] CONNECT:[ UseTime:0.011001s ] mysql:dbname=minishop_db;host=127.0.0.1;port=3306;charset=utf8
[ sql ] [ SQL ] SELECT * FROM mini_banner a LEFT JOIN mini_banner_position b ON b.id= a.position  WHERE  a.status = 1  AND a.position = 1 ORDER BY a.createtime  [ RunTime:0.001000s ]
[ sql ] [ SQL ] SHOW COLUMNS FROM `mini_goods_cate` [ RunTime:0.242014s ]
[ sql ] [ SQL ] SELECT * FROM `mini_goods_cate` WHERE  `slug` = 'qdz' LIMIT 1    [ RunTime:0.001000s ]
[ sql ] [ SQL ] SHOW COLUMNS FROM `mini_goods_cate_relationships` [ RunTime:0.160009s ]
[ sql ] [ SQL ] SELECT `goods_id` FROM `mini_goods_cate_relationships` WHERE  `cate_id` = 25   [ RunTime:0.002000s ]
[ sql ] [ SQL ] SHOW COLUMNS FROM `mini_goods` [ RunTime:0.213012s ]
[ sql ] [ SQL ] SELECT * FROM `mini_goods` WHERE  `id` IN (61,79,81,82,83,84,80,78,99,188,100,226,223,179,187,189,201,204,249,267,294,286,296,288,63,303,66,91,92,110,107,168,279,289,285,256,259,263,274,278,280,260,269,272,276,287,292,297,237,181,203,261,195,199,273,215,174,220,217,150,153,155,221,158,173,185,191,225,230,266,268,171,178,182,186,218,222,229,233,160,234,236,238,161,227,165,241,166,175,243,169,180,151,149,184,205,208,211,152,157,154,235,159,246,163,302,156,172,170,177,190,194,176,198,202,200,118,119,206,299,209,120,212,121,214,122,216,123,231,219,232,247,239,192,197,124,148,164,167,125,50,162,183,193,207,210,126,196,298,284,275,127,271,128,129,130,131,132,133,134,135,108,136,68,111,97,137,62,95,138,93,139,117,140,141,116,142,114,113,143,112,145,115,103,144,65,147,146,96,104,270,291,277,49,109,106,105,67,102,98,94,255,244,281,293,253,240,290,250,258,101,262,300,301,245,248,251,252,254,257,213,283,295,224,228,242,64,265,264)  AND `status` = 1  AND `is_hot` = 1 ORDER BY sort asc LIMIT 3                                                                                                                                                                                                                                          [ RunTime:0.363021s ]
[ sql ] [ SQL ] SELECT * FROM `mini_goods_cate` WHERE  `slug` = 'qtdr' LIMIT 1    [ RunTime:0.000000s ]
[ sql ] [ SQL ] SELECT `goods_id` FROM `mini_goods_cate_relationships` WHERE  `cate_id` = 26   [ RunTime:0.001000s ]
[ sql ] [ SQL ] SELECT * FROM `mini_goods` WHERE  `id` IN (59,89,90,88,87,85,77,76,51,75,69,70,86,60,71)  AND `status` = 1  AND `is_hot` = 1 ORDER BY sort asc LIMIT 4                    [ RunTime:0.001000s ]
[ sql ] [ SQL ] SELECT * FROM `mini_goods_cate` WHERE  `slug` = 'fx' LIMIT 1    [ RunTime:0.000000s ]
[ sql ] [ SQL ] SELECT `goods_id` FROM `mini_goods_cate_relationships` WHERE  `cate_id` = 43   [ RunTime:0.001000s ]
[ sql ] [ SQL ] SELECT * FROM `mini_goods` WHERE  `id` IN (53,73,74,72)  AND `status` = 1  AND `is_hot` = 1 ORDER BY sort asc LIMIT 4         [ RunTime:0.001000s ]
[ sql ] [ SQL ] SELECT * FROM `mini_goods_cate` WHERE  `slug` = 'ztdz' LIMIT 1    [ RunTime:0.000000s ]
[ sql ] [ SQL ] SELECT `goods_id` FROM `mini_goods_cate_relationships` WHERE  `cate_id` = 27   [ RunTime:0.000000s ]
[ sql ] [ SQL ] SELECT * FROM `mini_goods` WHERE  `id` IN (58,52,56,55,54,57)  AND `status` = 1  AND `is_hot` = 1 ORDER BY sort asc LIMIT 3           [ RunTime:0.028001s ]
[ sql ] [ SQL ] SHOW COLUMNS FROM `mini_posts` [ RunTime:0.066004s ]
[ sql ] [ SQL ] SELECT * FROM `mini_posts` WHERE  `name` = 'why-choose' LIMIT 1    [ RunTime:0.006000s ]

---------------------------------------------------------------
